{"meta": {"format": 3, "version": "7.13.5", "timestamp": "2026-04-05T14:49:53.380049", "branch_coverage": true, "show_contexts": false}, "files": {"ttrss/__init__.py": {"executed_lines": [11, 12, 13, 15, 16, 17, 19, 22, 31, 40, 50, 56, 57, 59, 66, 67, 68, 72, 77, 78, 80, 81, 85, 86, 87, 88, 97, 98, 99, 104, 105, 106, 107, 108, 109, 110, 113, 114, 115, 116, 117, 118, 119, 120, 122, 123, 125], "summary": {"covered_lines": 47, "num_statements": 49, "percent_covered": 92.98245614035088, "percent_covered_display": "93", "missing_lines": 2, "excluded_lines": 0, "percent_statements_covered": 95.91836734693878, "percent_statements_covered_display": "96", "num_branches": 8, "num_partial_branches": 2, "covered_branches": 6, "missing_branches": 2, "percent_branches_covered": 75.0, "percent_branches_covered_display": "75"}, "missing_lines": [89, 101], "excluded_lines": [], "executed_branches": [[80, 81], [80, 85], [85, 86], [85, 97], [88, 97], [98, 99]], "missing_branches": [[88, 89], [98, 101]], "functions": {"_configure_structlog": {"executed_lines": [31, 40, 50, 56, 57, 59, 66, 67, 68], "summary": {"covered_lines": 9, "num_statements": 9, "percent_covered": 100.0, "percent_covered_display": "100", "missing_lines": 0, "excluded_lines": 0, "percent_statements_covered": 100.0, "percent_statements_covered_display": "100", "num_branches": 0, "num_partial_branches": 0, "covered_branches": 0, "missing_branches": 0, "percent_branches_covered": 100.0, "percent_branches_covered_display": "100"}, "missing_lines": [], "excluded_lines": [], "start_line": 22, "executed_branches": [], "missing_branches": []}, "create_app": {"executed_lines": [77, 78, 80, 81, 85, 86, 87, 88, 97, 98, 99, 104, 105, 106, 107, 108, 109, 110, 113, 114, 115, 116, 117, 118, 119, 120, 122, 123, 125], "summary": {"covered_lines": 29, "num_statements": 31, "percent_covered": 89.74358974358974, "percent_covered_display": "90", "missing_lines": 2, "excluded_lines": 0, "percent_statements_covered": 93.54838709677419, "percent_statements_covered_display": "94", "num_branches": 8, "num_partial_branches": 2, "covered_branches": 6, "missing_branches": 2, "percent_branches_covered": 75.0, "percent_branches_covered_display": "75"}, "missing_lines": [89, 101], "excluded_lines": [], "start_line": 72, "executed_branches": [[80, 81], [80, 85], [85, 86], [85, 97], [88, 97], [98, 99]], "missing_branches": [[88, 89], [98, 101]]}, "": {"executed_lines": [11, 12, 13, 15, 16, 17, 19, 22, 72], "summary": {"covered_lines": 9, "num_statements": 9, "percent_covered": 100.0, "percent_covered_display": "100", "missing_lines": 0, "excluded_lines": 0, "percent_statements_covered": 100.0, "percent_statements_covered_display": "100", "num_branches": 0, "num_partial_branches": 0, "covered_branches": 0, "missing_branches": 0, "percent_branches_covered": 100.0, "percent_branches_covered_display": "100"}, "missing_lines": [], "excluded_lines": [], "start_line": 1, "executed_branches": [], "missing_branches": []}}, "classes": {"": {"executed_lines": [11, 12, 13, 15, 16, 17, 19, 22, 31, 40, 50, 56, 57, 59, 66, 67, 68, 72, 77, 78, 80, 81, 85, 86, 87, 88, 97, 98, 99, 104, 105, 106, 107, 108, 109, 110, 113, 114, 115, 116, 117, 118, 119, 120, 122, 123, 125], "summary": {"covered_lines": 47, "num_statements": 49, "percent_covered": 92.98245614035088, "percent_covered_display": "93", "missing_lines": 2, "excluded_lines": 0, "percent_statements_covered": 95.91836734693878, "percent_statements_covered_display": "96", "num_branches": 8, "num_partial_branches": 2, "covered_branches": 6, "missing_branches": 2, "percent_branches_covered": 75.0, "percent_branches_covered_display": "75"}, "missing_lines": [89, 101], "excluded_lines": [], "start_line": 1, "executed_branches": [[80, 81], [80, 85], [85, 86], [85, 97], [88, 97], [98, 99]], "missing_branches": [[88, 89], [98, 101]]}}}, "ttrss/articles/__init__.py": {"executed_lines": [], "summary": {"covered_lines": 0, "num_statements": 0, "percent_covered": 100.0, "percent_covered_display": "100", "missing_lines": 0, "excluded_lines": 0, "percent_statements_covered": 100.0, "percent_statements_covered_display": "100", "num_branches": 0, "num_partial_branches": 0, "covered_branches": 0, "missing_branches": 0, "percent_branches_covered": 100.0, "percent_branches_covered_display": "100"}, "missing_lines": [], "excluded_lines": [], "executed_branches": [], "missing_branches": [], "functions": {"": {"executed_lines": [], "summary": {"covered_lines": 0, "num_statements": 0, "percent_covered": 100.0, "percent_covered_display": "100", "missing_lines": 0, "excluded_lines": 0, "percent_statements_covered": 100.0, "percent_statements_covered_display": "100", "num_branches": 0, "num_partial_branches": 0, "covered_branches": 0, "missing_branches": 0, "percent_branches_covered": 100.0, "percent_branches_covered_display": "100"}, "missing_lines": [], "excluded_lines": [], "start_line": 1, "executed_branches": [], "missing_branches": []}}, "classes": {"": {"executed_lines": [], "summary": {"covered_lines": 0, "num_statements": 0, "percent_covered": 100.0, "percent_covered_display": "100", "missing_lines": 0, "excluded_lines": 0, "percent_statements_covered": 100.0, "percent_statements_covered_display": "100", "num_branches": 0, "num_partial_branches": 0, "covered_branches": 0, "missing_branches": 0, "percent_branches_covered": 100.0, "percent_branches_covered_display": "100"}, "missing_lines": [], "excluded_lines": [], "start_line": 1, "executed_branches": [], "missing_branches": []}}}, "ttrss/articles/filters.py": {"executed_lines": [16, 18, 19, 20, 22, 23, 25, 26, 27, 28, 30, 33, 41, 54, 55, 56, 59, 62, 65, 66, 69, 80, 82, 83, 89, 93, 95, 102, 107, 119, 128, 136, 139, 141, 146, 156, 164, 179, 182, 184, 185, 186, 187, 189, 190, 191, 192, 195, 196, 198, 199, 200, 201, 202, 203, 204, 205, 209, 210, 211, 212, 213, 214, 217, 219, 221, 222, 224, 225, 226, 227, 229, 230, 231, 233, 234, 236, 237, 238, 239, 240, 242, 250, 257, 258, 259, 260, 263, 270, 278, 283, 284, 285, 286, 287, 288, 289, 290, 298, 310, 312, 314, 315, 316, 320, 321, 322, 323, 325, 328, 329, 330, 331, 332, 333, 337, 338, 339, 340, 341, 342, 344, 346, 347, 350, 351, 352, 355, 356, 357, 358, 359, 360, 362, 365, 367, 369, 370, 372, 373, 375, 376, 378, 381, 383, 384], "summary": {"covered_lines": 146, "num_statements": 150, "percent_covered": 95.6140350877193, "percent_covered_display": "96", "missing_lines": 4, "excluded_lines": 0, "percent_statements_covered": 97.33333333333333, "percent_statements_covered_display": "97", "num_branches": 78, "num_partial_branches": 6, "covered_branches": 72, "missing_branches": 6, "percent_branches_covered": 92.3076923076923, "percent_branches_covered_display": "92"}, "missing_lines": [97, 137, 147, 317], "excluded_lines": [], "executed_branches": [[82, 83], [82, 156], [93, 95], [136, 139], [146, 82], [184, 185], [184, 242], [189, 190], [189, 233], [191, 192], [191, 195], [200, 201], [200, 202], [202, 203], [202, 204], [204, 205], [204, 209], [209, 210], [209, 211], [211, 212], [211, 213], [213, 214], [221, 222], [221, 224], [224, 225], [224, 229], [225, 226], [230, 189], [230, 231], [233, 234], [233, 236], [236, 184], [236, 237], [237, 184], [237, 238], [239, 237], [239, 240], [257, 258], [257, 260], [258, 257], [258, 259], [284, 285], [284, 290], [285, 284], [285, 286], [314, 315], [314, 369], [316, 320], [328, 329], [328, 330], [330, 331], [330, 332], [332, 333], [332, 337], [337, 338], [337, 339], [339, 340], [339, 341], [341, 342], [341, 344], [346, 347], [346, 350], [351, 352], [351, 355], [356, 357], [356, 365], [357, 358], [357, 362], [369, 370], [369, 372], [375, 376], [375, 378]], "missing_branches": [[93, 97], [136, 137], [146, 147], [213, 221], [225, 189], [316, 317]], "functions": {"load_filters": {"executed_lines": [54, 55, 56, 59, 62, 65, 66, 69, 80, 82, 83, 89, 93, 95, 102, 107, 119, 128, 136, 139, 141, 146, 156], "summary": {"covered_lines": 23, "num_statements": 26, "percent_covered": 82.3529411764706, "percent_covered_display": "82", "missing_lines": 3, "excluded_lines": 0, "percent_statements_covered": 88.46153846153847, "percent_statements_covered_display": "88", "num_branches": 8, "num_partial_branches": 3, "covered_branches": 5, "missing_branches": 3, "percent_branches_covered": 62.5, "percent_branches_covered_display": "62"}, "missing_lines": [97, 137, 147], "excluded_lines": [], "start_line": 41, "executed_branches": [[82, 83], [82, 156], [93, 95], [136, 139], [146, 82]], "missing_branches": [[93, 97], [136, 137], [146, 147]]}, "get_article_filters": {"executed_lines": [179, 182, 184, 185, 186, 187, 189, 190, 191, 192, 195, 196, 198, 199, 200, 201, 202, 203, 204, 205, 209, 210, 211, 212, 213, 214, 217, 219, 221, 222, 224, 225, 226, 227, 229, 230, 231, 233, 234, 236, 237, 238, 239, 240, 242], "summary": {"covered_lines": 45, "num_statements": 45, "percent_covered": 97.46835443037975, "percent_covered_display": "97", "missing_lines": 0, "excluded_lines": 0, "percent_statements_covered": 100.0, "percent_statements_covered_display": "100", "num_branches": 34, "num_partial_branches": 2, "covered_branches": 32, "missing_branches": 2, "percent_branches_covered": 94.11764705882354, "percent_branches_covered_display": "94"}, "missing_lines": [], "excluded_lines": [], "start_line": 164, "executed_branches": [[184, 185], [184, 242], [189, 190], [189, 233], [191, 192], [191, 195], [200, 201], [200, 202], [202, 203], [202, 204], [204, 205], [204, 209], [209, 210], [209, 211], [211, 212], [211, 213], [213, 214], [221, 222], [221, 224], [224, 225], [224, 229], [225, 226], [230, 189], [230, 231], [233, 234], [233, 236], [236, 184], [236, 237], [237, 184], [237, 238], [239, 237], [239, 240]], "missing_branches": [[213, 221], [225, 189]]}, "find_article_filter": {"executed_lines": [257, 258, 259, 260], "summary": {"covered_lines": 4, "num_statements": 4, "percent_covered": 100.0, "percent_covered_display": "100", "missing_lines": 0, "excluded_lines": 0, "percent_statements_covered": 100.0, "percent_statements_covered_display": "100", "num_branches": 4, "num_partial_branches": 0, "covered_branches": 4, "missing_branches": 0, "percent_branches_covered": 100.0, "percent_branches_covered_display": "100"}, "missing_lines": [], "excluded_lines": [], "start_line": 250, "executed_branches": [[257, 258], [257, 260], [258, 257], [258, 259]], "missing_branches": []}, "find_article_filters": {"executed_lines": [270], "summary": {"covered_lines": 1, "num_statements": 1, "percent_covered": 100.0, "percent_covered_display": "100", "missing_lines": 0, "excluded_lines": 0, "percent_statements_covered": 100.0, "percent_statements_covered_display": "100", "num_branches": 0, "num_partial_branches": 0, "covered_branches": 0, "missing_branches": 0, "percent_branches_covered": 100.0, "percent_branches_covered_display": "100"}, "missing_lines": [], "excluded_lines": [], "start_line": 263, "executed_branches": [], "missing_branches": []}, "calculate_article_score": {"executed_lines": [283, 284, 285, 286, 287, 288, 289, 290], "summary": {"covered_lines": 8, "num_statements": 8, "percent_covered": 100.0, "percent_covered_display": "100", "missing_lines": 0, "excluded_lines": 0, "percent_statements_covered": 100.0, "percent_statements_covered_display": "100", "num_branches": 4, "num_partial_branches": 0, "covered_branches": 4, "missing_branches": 0, "percent_branches_covered": 100.0, "percent_branches_covered_display": "100"}, "missing_lines": [], "excluded_lines": [], "start_line": 278, "executed_branches": [[284, 285], [284, 290], [285, 284], [285, 286]], "missing_branches": []}, "filter_to_sql": {"executed_lines": [310, 312, 314, 315, 316, 320, 321, 322, 323, 325, 328, 329, 330, 331, 332, 333, 337, 338, 339, 340, 341, 342, 344, 346, 347, 350, 351, 352, 355, 356, 357, 358, 359, 360, 362, 365, 367, 369, 370, 372, 373, 375, 376, 378], "summary": {"covered_lines": 44, "num_statements": 45, "percent_covered": 97.26027397260275, "percent_covered_display": "97", "missing_lines": 1, "excluded_lines": 0, "percent_statements_covered": 97.77777777777777, "percent_statements_covered_display": "98", "num_branches": 28, "num_partial_branches": 1, "covered_branches": 27, "missing_branches": 1, "percent_branches_covered": 96.42857142857143, "percent_branches_covered_display": "96"}, "missing_lines": [317], "excluded_lines": [], "start_line": 298, "executed_branches": [[314, 315], [314, 369], [316, 320], [328, 329], [328, 330], [330, 331], [330, 332], [332, 333], [332, 337], [337, 338], [337, 339], [339, 340], [339, 341], [341, 342], [341, 344], [346, 347], [346, 350], [351, 352], [351, 355], [356, 357], [356, 365], [357, 358], [357, 362], [369, 370], [369, 372], [375, 376], [375, 378]], "missing_branches": [[316, 317]]}, "false_clause": {"executed_lines": [383, 384], "summary": {"covered_lines": 2, "num_statements": 2, "percent_covered": 100.0, "percent_covered_display": "100", "missing_lines": 0, "excluded_lines": 0, "percent_statements_covered": 100.0, "percent_statements_covered_display": "100", "num_branches": 0, "num_partial_branches": 0, "covered_branches": 0, "missing_branches": 0, "percent_branches_covered": 100.0, "percent_branches_covered_display": "100"}, "missing_lines": [], "excluded_lines": [], "start_line": 381, "executed_branches": [], "missing_branches": []}, "": {"executed_lines": [16, 18, 19, 20, 22, 23, 25, 26, 27, 28, 30, 33, 41, 164, 250, 263, 278, 298, 381], "summary": {"covered_lines": 19, "num_statements": 19, "percent_covered": 100.0, "percent_covered_display": "100", "missing_lines": 0, "excluded_lines": 0, "percent_statements_covered": 100.0, "percent_statements_covered_display": "100", "num_branches": 0, "num_partial_branches": 0, "covered_branches": 0, "missing_branches": 0, "percent_branches_covered": 100.0, "percent_branches_covered_display": "100"}, "missing_lines": [], "excluded_lines": [], "start_line": 1, "executed_branches": [], "missing_branches": []}}, "classes": {"": {"executed_lines": [16, 18, 19, 20, 22, 23, 25, 26, 27, 28, 30, 33, 41, 54, 55, 56, 59, 62, 65, 66, 69, 80, 82, 83, 89, 93, 95, 102, 107, 119, 128, 136, 139, 141, 146, 156, 164, 179, 182, 184, 185, 186, 187, 189, 190, 191, 192, 195, 196, 198, 199, 200, 201, 202, 203, 204, 205, 209, 210, 211, 212, 213, 214, 217, 219, 221, 222, 224, 225, 226, 227, 229, 230, 231, 233, 234, 236, 237, 238, 239, 240, 242, 250, 257, 258, 259, 260, 263, 270, 278, 283, 284, 285, 286, 287, 288, 289, 290, 298, 310, 312, 314, 315, 316, 320, 321, 322, 323, 325, 328, 329, 330, 331, 332, 333, 337, 338, 339, 340, 341, 342, 344, 346, 347, 350, 351, 352, 355, 356, 357, 358, 359, 360, 362, 365, 367, 369, 370, 372, 373, 375, 376, 378, 381, 383, 384], "summary": {"covered_lines": 146, "num_statements": 150, "percent_covered": 95.6140350877193, "percent_covered_display": "96", "missing_lines": 4, "excluded_lines": 0, "percent_statements_covered": 97.33333333333333, "percent_statements_covered_display": "97", "num_branches": 78, "num_partial_branches": 6, "covered_branches": 72, "missing_branches": 6, "percent_branches_covered": 92.3076923076923, "percent_branches_covered_display": "92"}, "missing_lines": [97, 137, 147, 317], "excluded_lines": [], "start_line": 1, "executed_branches": [[82, 83], [82, 156], [93, 95], [136, 139], [146, 82], [184, 185], [184, 242], [189, 190], [189, 233], [191, 192], [191, 195], [200, 201], [200, 202], [202, 203], [202, 204], [204, 205], [204, 209], [209, 210], [209, 211], [211, 212], [211, 213], [213, 214], [221, 222], [221, 224], [224, 225], [224, 229], [225, 226], [230, 189], [230, 231], [233, 234], [233, 236], [236, 184], [236, 237], [237, 184], [237, 238], [239, 237], [239, 240], [257, 258], [257, 260], [258, 257], [258, 259], [284, 285], [284, 290], [285, 284], [285, 286], [314, 315], [314, 369], [316, 320], [328, 329], [328, 330], [330, 331], [330, 332], [332, 333], [332, 337], [337, 338], [337, 339], [339, 340], [339, 341], [341, 342], [341, 344], [346, 347], [346, 350], [351, 352], [351, 355], [356, 357], [356, 365], [357, 358], [357, 362], [369, 370], [369, 372], [375, 376], [375, 378]], "missing_branches": [[93, 97], [136, 137], [146, 147], [213, 221], [225, 189], [316, 317]]}}}, "ttrss/articles/ops.py": {"executed_lines": [20, 22, 23, 24, 26, 27, 28, 30, 31, 32, 33, 34, 35, 36, 37, 38, 40, 47, 54, 56, 57, 58, 59, 67, 73, 85, 102, 117, 123, 125, 131, 135, 166, 167, 169, 170, 171, 173, 198, 199, 201, 205, 209, 212, 214, 216, 224, 233, 235, 237, 238, 246, 259, 260, 262, 267, 268, 273, 274, 281, 289, 296, 297, 298, 306, 323, 324, 326, 328, 334, 336, 343, 345, 346, 347, 352, 354, 356, 357, 359, 360, 362, 363, 364, 365, 366, 373, 378, 379, 380, 381, 383, 385, 391, 392, 393, 394, 398, 399, 400, 401, 402, 404, 406, 407, 408, 409, 410, 412, 413, 414, 415, 416, 418, 420, 421, 422, 423, 428, 429, 430, 431, 433, 434, 435, 436, 438, 442, 443, 448, 449, 450, 451, 455, 456, 463, 464, 465, 466, 469, 470], "summary": {"covered_lines": 141, "num_statements": 145, "percent_covered": 94.87179487179488, "percent_covered_display": "95", "missing_lines": 4, "excluded_lines": 0, "percent_statements_covered": 97.24137931034483, "percent_statements_covered_display": "97", "num_branches": 50, "num_partial_branches": 4, "covered_branches": 44, "missing_branches": 6, "percent_branches_covered": 88.0, "percent_branches_covered_display": "88"}, "missing_lines": [206, 330, 331, 332], "excluded_lines": [], "executed_branches": [[57, 58], [57, 59], [123, 125], [123, 135], [166, 167], [166, 169], [201, 205], [201, 209], [205, 212], [259, 260], [259, 262], [267, 268], [267, 273], [273, 274], [273, 281], [296, -246], [296, 297], [297, 296], [297, 298], [345, 346], [345, 347], [356, 357], [356, 455], [359, 360], [359, 398], [360, 362], [360, 383], [362, 363], [362, 373], [383, 385], [398, 399], [398, 404], [404, 406], [404, 438], [406, 407], [406, 412], [412, 413], [412, 418], [418, 420], [418, 433], [433, 434], [438, 442], [469, -306], [469, 470]], "missing_branches": [[205, 206], [330, 331], [330, 332], [383, 469], [433, 469], [438, 469]], "functions": {"_date_cutoff": {"executed_lines": [56, 57, 58, 59], "summary": {"covered_lines": 4, "num_statements": 4, "percent_covered": 100.0, "percent_covered_display": "100", "missing_lines": 0, "excluded_lines": 0, "percent_statements_covered": 100.0, "percent_statements_covered_display": "100", "num_branches": 2, "num_partial_branches": 0, "covered_branches": 2, "missing_branches": 0, "percent_branches_covered": 100.0, "percent_branches_covered_display": "100"}, "missing_lines": [], "excluded_lines": [], "start_line": 54, "executed_branches": [[57, 58], [57, 59]], "missing_branches": []}, "get_article_enclosures": {"executed_lines": [73, 85], "summary": {"covered_lines": 2, "num_statements": 2, "percent_covered": 100.0, "percent_covered_display": "100", "missing_lines": 0, "excluded_lines": 0, "percent_statements_covered": 100.0, "percent_statements_covered_display": "100", "num_branches": 0, "num_partial_branches": 0, "covered_branches": 0, "missing_branches": 0, "percent_branches_covered": 100.0, "percent_branches_covered_display": "100"}, "missing_lines": [], "excluded_lines": [], "start_line": 67, "executed_branches": [], "missing_branches": []}, "format_article": {"executed_lines": [117, 123, 125, 131, 135, 166, 167, 169, 170, 171, 173, 198, 199, 201, 205, 209, 212, 214, 216], "summary": {"covered_lines": 19, "num_statements": 20, "percent_covered": 92.85714285714286, "percent_covered_display": "93", "missing_lines": 1, "excluded_lines": 0, "percent_statements_covered": 95.0, "percent_statements_covered_display": "95", "num_branches": 8, "num_partial_branches": 1, "covered_branches": 7, "missing_branches": 1, "percent_branches_covered": 87.5, "percent_branches_covered_display": "88"}, "missing_lines": [206], "excluded_lines": [], "start_line": 102, "executed_branches": [[123, 125], [123, 135], [166, 167], [166, 169], [201, 205], [201, 209], [205, 212]], "missing_branches": [[205, 206]]}, "format_headline_row": {"executed_lines": [233, 235, 237, 238], "summary": {"covered_lines": 4, "num_statements": 4, "percent_covered": 100.0, "percent_covered_display": "100", "missing_lines": 0, "excluded_lines": 0, "percent_statements_covered": 100.0, "percent_statements_covered_display": "100", "num_branches": 0, "num_partial_branches": 0, "covered_branches": 0, "missing_branches": 0, "percent_branches_covered": 100.0, "percent_branches_covered_display": "100"}, "missing_lines": [], "excluded_lines": [], "start_line": 224, "executed_branches": [], "missing_branches": []}, "catchupArticlesById": {"executed_lines": [259, 260, 262, 267, 268, 273, 274, 281, 289, 296, 297, 298], "summary": {"covered_lines": 12, "num_statements": 12, "percent_covered": 100.0, "percent_covered_display": "100", "missing_lines": 0, "excluded_lines": 0, "percent_statements_covered": 100.0, "percent_statements_covered_display": "100", "num_branches": 10, "num_partial_branches": 0, "covered_branches": 10, "missing_branches": 0, "percent_branches_covered": 100.0, "percent_branches_covered_display": "100"}, "missing_lines": [], "excluded_lines": [], "start_line": 246, "executed_branches": [[259, 260], [259, 262], [267, 268], [267, 273], [273, 274], [273, 281], [296, -246], [296, 297], [297, 296], [297, 298]], "missing_branches": []}, "catchup_feed": {"executed_lines": [323, 324, 326, 328, 334, 343, 354, 356, 357, 359, 360, 362, 363, 364, 365, 366, 373, 378, 379, 380, 381, 383, 385, 391, 392, 393, 394, 398, 399, 400, 401, 402, 404, 406, 407, 408, 409, 410, 412, 413, 414, 415, 416, 418, 420, 421, 422, 423, 428, 429, 430, 431, 433, 434, 435, 436, 438, 442, 443, 448, 449, 450, 451, 455, 456, 463, 464, 465, 466, 469, 470], "summary": {"covered_lines": 71, "num_statements": 71, "percent_covered": 96.90721649484536, "percent_covered_display": "97", "missing_lines": 0, "excluded_lines": 0, "percent_statements_covered": 100.0, "percent_statements_covered_display": "100", "num_branches": 26, "num_partial_branches": 3, "covered_branches": 23, "missing_branches": 3, "percent_branches_covered": 88.46153846153847, "percent_branches_covered_display": "88"}, "missing_lines": [], "excluded_lines": [], "start_line": 306, "executed_branches": [[356, 357], [356, 455], [359, 360], [359, 398], [360, 362], [360, 383], [362, 363], [362, 373], [383, 385], [398, 399], [398, 404], [404, 406], [404, 438], [406, 407], [406, 412], [412, 413], [412, 418], [418, 420], [418, 433], [433, 434], [438, 442], [469, -306], [469, 470]], "missing_branches": [[383, 469], [433, 469], [438, 469]]}, "catchup_feed._entry_date_where": {"executed_lines": [], "summary": {"covered_lines": 0, "num_statements": 3, "percent_covered": 0.0, "percent_covered_display": "0", "missing_lines": 3, "excluded_lines": 0, "percent_statements_covered": 0.0, "percent_statements_covered_display": "0", "num_branches": 2, "num_partial_branches": 0, "covered_branches": 0, "missing_branches": 2, "percent_branches_covered": 0.0, "percent_branches_covered_display": "0"}, "missing_lines": [330, 331, 332], "excluded_lines": [], "start_line": 328, "executed_branches": [], "missing_branches": [[330, 331], [330, 332]]}, "catchup_feed._base_stmt": {"executed_lines": [336], "summary": {"covered_lines": 1, "num_statements": 1, "percent_covered": 100.0, "percent_covered_display": "100", "missing_lines": 0, "excluded_lines": 0, "percent_statements_covered": 100.0, "percent_statements_covered_display": "100", "num_branches": 0, "num_partial_branches": 0, "covered_branches": 0, "missing_branches": 0, "percent_branches_covered": 100.0, "percent_branches_covered_display": "100"}, "missing_lines": [], "excluded_lines": [], "start_line": 334, "executed_branches": [], "missing_branches": []}, "catchup_feed._with_date": {"executed_lines": [345, 346, 347, 352], "summary": {"covered_lines": 4, "num_statements": 4, "percent_covered": 100.0, "percent_covered_display": "100", "missing_lines": 0, "excluded_lines": 0, "percent_statements_covered": 100.0, "percent_statements_covered_display": "100", "num_branches": 2, "num_partial_branches": 0, "covered_branches": 2, "missing_branches": 0, "percent_branches_covered": 100.0, "percent_branches_covered_display": "100"}, "missing_lines": [], "excluded_lines": [], "start_line": 343, "executed_branches": [[345, 346], [345, 347]], "missing_branches": []}, "": {"executed_lines": [20, 22, 23, 24, 26, 27, 28, 30, 31, 32, 33, 34, 35, 36, 37, 38, 40, 47, 54, 67, 102, 224, 246, 306], "summary": {"covered_lines": 24, "num_statements": 24, "percent_covered": 100.0, "percent_covered_display": "100", "missing_lines": 0, "excluded_lines": 0, "percent_statements_covered": 100.0, "percent_statements_covered_display": "100", "num_branches": 0, "num_partial_branches": 0, "covered_branches": 0, "missing_branches": 0, "percent_branches_covered": 100.0, "percent_branches_covered_display": "100"}, "missing_lines": [], "excluded_lines": [], "start_line": 1, "executed_branches": [], "missing_branches": []}}, "classes": {"": {"executed_lines": [20, 22, 23, 24, 26, 27, 28, 30, 31, 32, 33, 34, 35, 36, 37, 38, 40, 47, 54, 56, 57, 58, 59, 67, 73, 85, 102, 117, 123, 125, 131, 135, 166, 167, 169, 170, 171, 173, 198, 199, 201, 205, 209, 212, 214, 216, 224, 233, 235, 237, 238, 246, 259, 260, 262, 267, 268, 273, 274, 281, 289, 296, 297, 298, 306, 323, 324, 326, 328, 334, 336, 343, 345, 346, 347, 352, 354, 356, 357, 359, 360, 362, 363, 364, 365, 366, 373, 378, 379, 380, 381, 383, 385, 391, 392, 393, 394, 398, 399, 400, 401, 402, 404, 406, 407, 408, 409, 410, 412, 413, 414, 415, 416, 418, 420, 421, 422, 423, 428, 429, 430, 431, 433, 434, 435, 436, 438, 442, 443, 448, 449, 450, 451, 455, 456, 463, 464, 465, 466, 469, 470], "summary": {"covered_lines": 141, "num_statements": 145, "percent_covered": 94.87179487179488, "percent_covered_display": "95", "missing_lines": 4, "excluded_lines": 0, "percent_statements_covered": 97.24137931034483, "percent_statements_covered_display": "97", "num_branches": 50, "num_partial_branches": 4, "covered_branches": 44, "missing_branches": 6, "percent_branches_covered": 88.0, "percent_branches_covered_display": "88"}, "missing_lines": [206, 330, 331, 332], "excluded_lines": [], "start_line": 1, "executed_branches": [[57, 58], [57, 59], [123, 125], [123, 135], [166, 167], [166, 169], [201, 205], [201, 209], [205, 212], [259, 260], [259, 262], [267, 268], [267, 273], [273, 274], [273, 281], [296, -246], [296, 297], [297, 296], [297, 298], [345, 346], [345, 347], [356, 357], [356, 455], [359, 360], [359, 398], [360, 362], [360, 383], [362, 363], [362, 373], [383, 385], [398, 399], [398, 404], [404, 406], [404, 438], [406, 407], [406, 412], [412, 413], [412, 418], [418, 420], [418, 433], [433, 434], [438, 442], [469, -306], [469, 470]], "missing_branches": [[205, 206], [330, 331], [330, 332], [383, 469], [433, 469], [438, 469]]}}}, "ttrss/articles/persist.py": {"executed_lines": [20, 22, 23, 24, 25, 26, 28, 29, 30, 32, 33, 34, 35, 37, 40, 43, 44, 45, 46, 47, 48, 49, 50, 58, 67, 69, 71, 73, 76, 88, 93, 94, 95, 103, 108, 116, 128, 129, 130, 131, 132, 133, 143, 144, 146, 154, 167, 169, 170, 171, 172, 174, 175, 176, 178, 180, 182, 184, 186, 188, 190, 192, 193, 194, 195, 197, 199, 200, 202, 204, 205, 207, 209, 213, 227, 238, 245, 246, 247, 248, 249, 258, 266, 290, 293, 298, 299, 304, 313, 314, 315, 316, 318, 319, 336, 342, 345, 361, 362, 363, 371, 393, 398, 403, 405, 406, 409, 410, 424, 425, 426, 434, 449, 459, 464, 465, 466, 469, 474, 477, 478, 481, 484, 485, 488, 502, 504, 507, 518, 522, 526, 527, 532, 544, 548, 558, 562, 566, 578, 582, 583, 585, 593, 602], "summary": {"covered_lines": 144, "num_statements": 160, "percent_covered": 85.45454545454545, "percent_covered_display": "85", "missing_lines": 16, "excluded_lines": 0, "percent_statements_covered": 90.0, "percent_statements_covered_display": "90", "num_branches": 60, "num_partial_branches": 10, "covered_branches": 44, "missing_branches": 16, "percent_branches_covered": 73.33333333333333, "percent_branches_covered_display": "73"}, "missing_lines": [337, 400, 479, 519, 528, 545, 559, 563, 579, 599, 615, 617, 618, 619, 620, 621], "excluded_lines": [], "executed_branches": [[128, 129], [128, 130], [174, 175], [174, 213], [178, 180], [178, 182], [182, 184], [182, 186], [186, 188], [186, 190], [190, 192], [190, 197], [197, 199], [197, 202], [199, 174], [199, 200], [202, 204], [202, 207], [204, 174], [204, 205], [207, 209], [245, -227], [245, 246], [247, 248], [247, 249], [298, 299], [298, 345], [318, 319], [318, 342], [336, 342], [398, 403], [405, 406], [405, 409], [478, 481], [502, 504], [502, 507], [518, 522], [527, 532], [544, 548], [558, 562], [562, 566], [578, 582], [582, 583], [582, 585]], "missing_branches": [[207, 174], [336, 337], [398, 400], [478, 479], [518, 519], [527, 528], [544, 545], [558, 559], [562, 563], [578, 579], [617, -602], [617, 618], [618, 617], [618, 619], [620, 617], [620, 621]], "functions": {"_make_guid_from_title": {"executed_lines": [67, 69, 71, 73], "summary": {"covered_lines": 4, "num_statements": 4, "percent_covered": 100.0, "percent_covered_display": "100", "missing_lines": 0, "excluded_lines": 0, "percent_statements_covered": 100.0, "percent_statements_covered_display": "100", "num_branches": 0, "num_partial_branches": 0, "covered_branches": 0, "missing_branches": 0, "percent_branches_covered": 100.0, "percent_branches_covered_display": "100"}, "missing_lines": [], "excluded_lines": [], "start_line": 58, "executed_branches": [], "missing_branches": []}, "build_entry_guid": {"executed_lines": [88, 93, 94, 95], "summary": {"covered_lines": 4, "num_statements": 4, "percent_covered": 100.0, "percent_covered_display": "100", "missing_lines": 0, "excluded_lines": 0, "percent_statements_covered": 100.0, "percent_statements_covered_display": "100", "num_branches": 0, "num_partial_branches": 0, "covered_branches": 0, "missing_branches": 0, "percent_branches_covered": 100.0, "percent_branches_covered_display": "100"}, "missing_lines": [], "excluded_lines": [], "start_line": 76, "executed_branches": [], "missing_branches": []}, "content_hash": {"executed_lines": [108], "summary": {"covered_lines": 1, "num_statements": 1, "percent_covered": 100.0, "percent_covered_display": "100", "missing_lines": 0, "excluded_lines": 0, "percent_statements_covered": 100.0, "percent_statements_covered_display": "100", "num_branches": 0, "num_partial_branches": 0, "covered_branches": 0, "missing_branches": 0, "percent_branches_covered": 100.0, "percent_branches_covered_display": "100"}, "missing_lines": [], "excluded_lines": [], "start_line": 103, "executed_branches": [], "missing_branches": []}, "_is_ngram_duplicate": {"executed_lines": [128, 129, 130, 131, 132, 133, 143, 144, 146], "summary": {"covered_lines": 9, "num_statements": 9, "percent_covered": 100.0, "percent_covered_display": "100", "missing_lines": 0, "excluded_lines": 0, "percent_statements_covered": 100.0, "percent_statements_covered_display": "100", "num_branches": 2, "num_partial_branches": 0, "covered_branches": 2, "missing_branches": 0, "percent_branches_covered": 100.0, "percent_branches_covered_display": "100"}, "missing_lines": [], "excluded_lines": [], "start_line": 116, "executed_branches": [[128, 129], [128, 130]], "missing_branches": []}, "apply_filter_actions": {"executed_lines": [167, 169, 170, 171, 172, 174, 175, 176, 178, 180, 182, 184, 186, 188, 190, 192, 193, 194, 195, 197, 199, 200, 202, 204, 205, 207, 209, 213], "summary": {"covered_lines": 28, "num_statements": 28, "percent_covered": 97.91666666666667, "percent_covered_display": "98", "missing_lines": 0, "excluded_lines": 0, "percent_statements_covered": 100.0, "percent_statements_covered_display": "100", "num_branches": 20, "num_partial_branches": 1, "covered_branches": 19, "missing_branches": 1, "percent_branches_covered": 95.0, "percent_branches_covered_display": "95"}, "missing_lines": [], "excluded_lines": [], "start_line": 154, "executed_branches": [[174, 175], [174, 213], [178, 180], [178, 182], [182, 184], [182, 186], [186, 188], [186, 190], [190, 192], [190, 197], [197, 199], [197, 202], [199, 174], [199, 200], [202, 204], [202, 207], [204, 174], [204, 205], [207, 209]], "missing_branches": [[207, 174]]}, "persist_enclosures": {"executed_lines": [238, 245, 246, 247, 248, 249, 258], "summary": {"covered_lines": 7, "num_statements": 7, "percent_covered": 100.0, "percent_covered_display": "100", "missing_lines": 0, "excluded_lines": 0, "percent_statements_covered": 100.0, "percent_statements_covered_display": "100", "num_branches": 4, "num_partial_branches": 0, "covered_branches": 4, "missing_branches": 0, "percent_branches_covered": 100.0, "percent_branches_covered_display": "100"}, "missing_lines": [], "excluded_lines": [], "start_line": 227, "executed_branches": [[245, -227], [245, 246], [247, 248], [247, 249]], "missing_branches": []}, "upsert_entry": {"executed_lines": [290, 293, 298, 299, 304, 313, 314, 315, 316, 318, 319, 336, 342, 345, 361, 362, 363], "summary": {"covered_lines": 17, "num_statements": 18, "percent_covered": 91.66666666666667, "percent_covered_display": "92", "missing_lines": 1, "excluded_lines": 0, "percent_statements_covered": 94.44444444444444, "percent_statements_covered_display": "94", "num_branches": 6, "num_partial_branches": 1, "covered_branches": 5, "missing_branches": 1, "percent_branches_covered": 83.33333333333333, "percent_branches_covered_display": "83"}, "missing_lines": [337], "excluded_lines": [], "start_line": 266, "executed_branches": [[298, 299], [298, 345], [318, 319], [318, 342], [336, 342]], "missing_branches": [[336, 337]]}, "upsert_user_entry": {"executed_lines": [393, 398, 403, 405, 406, 409, 410, 424, 425, 426], "summary": {"covered_lines": 10, "num_statements": 11, "percent_covered": 86.66666666666667, "percent_covered_display": "87", "missing_lines": 1, "excluded_lines": 0, "percent_statements_covered": 90.9090909090909, "percent_statements_covered_display": "91", "num_branches": 4, "num_partial_branches": 1, "covered_branches": 3, "missing_branches": 1, "percent_branches_covered": 75.0, "percent_branches_covered_display": "75"}, "missing_lines": [400], "excluded_lines": [], "start_line": 371, "executed_branches": [[398, 403], [405, 406], [405, 409]], "missing_branches": [[398, 400]]}, "persist_article": {"executed_lines": [449, 459, 464, 465, 466, 469, 474, 477, 478, 481, 484, 485, 488, 502, 504, 507, 518, 522, 526, 527, 532, 544, 548, 558, 562, 566, 578, 582, 583, 585], "summary": {"covered_lines": 30, "num_statements": 37, "percent_covered": 74.54545454545455, "percent_covered_display": "75", "missing_lines": 7, "excluded_lines": 0, "percent_statements_covered": 81.08108108108108, "percent_statements_covered_display": "81", "num_branches": 18, "num_partial_branches": 7, "covered_branches": 11, "missing_branches": 7, "percent_branches_covered": 61.111111111111114, "percent_branches_covered_display": "61"}, "missing_lines": [479, 519, 528, 545, 559, 563, 579], "excluded_lines": [], "start_line": 434, "executed_branches": [[478, 481], [502, 504], [502, 507], [518, 522], [527, 532], [544, 548], [558, 562], [562, 566], [578, 582], [582, 583], [582, 585]], "missing_branches": [[478, 479], [518, 519], [527, 528], [544, 545], [558, 559], [562, 563], [578, 579]]}, "labels_contains_caption": {"executed_lines": [], "summary": {"covered_lines": 0, "num_statements": 1, "percent_covered": 0.0, "percent_covered_display": "0", "missing_lines": 1, "excluded_lines": 0, "percent_statements_covered": 0.0, "percent_statements_covered_display": "0", "num_branches": 0, "num_partial_branches": 0, "covered_branches": 0, "missing_branches": 0, "percent_branches_covered": 100.0, "percent_branches_covered_display": "100"}, "missing_lines": [599], "excluded_lines": [], "start_line": 593, "executed_branches": [], "missing_branches": []}, "assign_article_to_label_filters": {"executed_lines": [], "summary": {"covered_lines": 0, "num_statements": 6, "percent_covered": 0.0, "percent_covered_display": "0", "missing_lines": 6, "excluded_lines": 0, "percent_statements_covered": 0.0, "percent_statements_covered_display": "0", "num_branches": 6, "num_partial_branches": 0, "covered_branches": 0, "missing_branches": 6, "percent_branches_covered": 0.0, "percent_branches_covered_display": "0"}, "missing_lines": [615, 617, 618, 619, 620, 621], "excluded_lines": [], "start_line": 602, "executed_branches": [], "missing_branches": [[617, -602], [617, 618], [618, 617], [618, 619], [620, 617], [620, 621]]}, "": {"executed_lines": [20, 22, 23, 24, 25, 26, 28, 29, 30, 32, 33, 34, 35, 37, 40, 43, 44, 45, 46, 47, 48, 49, 50, 58, 76, 103, 116, 154, 227, 266, 371, 434, 593, 602], "summary": {"covered_lines": 34, "num_statements": 34, "percent_covered": 100.0, "percent_covered_display": "100", "missing_lines": 0, "excluded_lines": 0, "percent_statements_covered": 100.0, "percent_statements_covered_display": "100", "num_branches": 0, "num_partial_branches": 0, "covered_branches": 0, "missing_branches": 0, "percent_branches_covered": 100.0, "percent_branches_covered_display": "100"}, "missing_lines": [], "excluded_lines": [], "start_line": 1, "executed_branches": [], "missing_branches": []}}, "classes": {"": {"executed_lines": [20, 22, 23, 24, 25, 26, 28, 29, 30, 32, 33, 34, 35, 37, 40, 43, 44, 45, 46, 47, 48, 49, 50, 58, 67, 69, 71, 73, 76, 88, 93, 94, 95, 103, 108, 116, 128, 129, 130, 131, 132, 133, 143, 144, 146, 154, 167, 169, 170, 171, 172, 174, 175, 176, 178, 180, 182, 184, 186, 188, 190, 192, 193, 194, 195, 197, 199, 200, 202, 204, 205, 207, 209, 213, 227, 238, 245, 246, 247, 248, 249, 258, 266, 290, 293, 298, 299, 304, 313, 314, 315, 316, 318, 319, 336, 342, 345, 361, 362, 363, 371, 393, 398, 403, 405, 406, 409, 410, 424, 425, 426, 434, 449, 459, 464, 465, 466, 469, 474, 477, 478, 481, 484, 485, 488, 502, 504, 507, 518, 522, 526, 527, 532, 544, 548, 558, 562, 566, 578, 582, 583, 585, 593, 602], "summary": {"covered_lines": 144, "num_statements": 160, "percent_covered": 85.45454545454545, "percent_covered_display": "85", "missing_lines": 16, "excluded_lines": 0, "percent_statements_covered": 90.0, "percent_statements_covered_display": "90", "num_branches": 60, "num_partial_branches": 10, "covered_branches": 44, "missing_branches": 16, "percent_branches_covered": 73.33333333333333, "percent_branches_covered_display": "73"}, "missing_lines": [337, 400, 479, 519, 528, 545, 559, 563, 579, 599, 615, 617, 618, 619, 620, 621], "excluded_lines": [], "start_line": 1, "executed_branches": [[128, 129], [128, 130], [174, 175], [174, 213], [178, 180], [178, 182], [182, 184], [182, 186], [186, 188], [186, 190], [190, 192], [190, 197], [197, 199], [197, 202], [199, 174], [199, 200], [202, 204], [202, 207], [204, 174], [204, 205], [207, 209], [245, -227], [245, 246], [247, 248], [247, 249], [298, 299], [298, 345], [318, 319], [318, 342], [336, 342], [398, 403], [405, 406], [405, 409], [478, 481], [502, 504], [502, 507], [518, 522], [527, 532], [544, 548], [558, 562], [562, 566], [578, 582], [582, 583], [582, 585]], "missing_branches": [[207, 174], [336, 337], [398, 400], [478, 479], [518, 519], [527, 528], [544, 545], [558, 559], [562, 563], [578, 579], [617, -602], [617, 618], [618, 617], [618, 619], [620, 617], [620, 621]]}}}, "ttrss/articles/sanitize.py": {"executed_lines": [10, 12, 13, 15, 17, 27, 42, 45, 84, 85, 86, 89, 92, 93, 94, 95, 98, 99, 100, 101, 103, 104, 106, 108, 109, 111, 113, 114, 120, 122, 123, 124, 125, 126, 127, 128, 129, 130, 131, 134, 135, 138, 139, 143, 147, 148, 151, 157, 158, 159, 160, 169, 170, 172, 174, 175, 176, 177, 188, 191, 196, 197, 198, 199, 201, 203, 204, 210, 213, 232, 233, 234, 236, 238, 241, 242, 243, 244, 247, 248, 250, 251, 253, 254, 256, 257, 260, 261, 263], "summary": {"covered_lines": 89, "num_statements": 101, "percent_covered": 86.95652173913044, "percent_covered_display": "87", "missing_lines": 12, "excluded_lines": 0, "percent_statements_covered": 88.11881188118812, "percent_statements_covered_display": "88", "num_branches": 60, "num_partial_branches": 9, "covered_branches": 51, "missing_branches": 9, "percent_branches_covered": 85.0, "percent_branches_covered_display": "85"}, "missing_lines": [115, 116, 117, 118, 119, 171, 180, 181, 182, 200, 235, 249], "excluded_lines": [], "executed_branches": [[85, 86], [85, 89], [98, 99], [98, 134], [100, 101], [100, 134], [101, 103], [101, 106], [106, 108], [106, 111], [111, 100], [111, 113], [114, 120], [120, 100], [120, 122], [130, 131], [134, 135], [134, 138], [138, 139], [138, 143], [147, 148], [147, 151], [169, 170], [169, 188], [170, 172], [172, 174], [175, 176], [196, 197], [196, 210], [198, 199], [198, 210], [199, 201], [233, 234], [233, 241], [234, 236], [236, 233], [236, 238], [241, 242], [241, 247], [243, 244], [247, 248], [247, 263], [248, 250], [251, 253], [251, 260], [253, 254], [253, 256], [256, 251], [256, 257], [260, 247], [260, 261]], "missing_branches": [[114, 115], [130, 100], [170, 171], [172, 180], [175, 169], [199, 200], [234, 235], [243, 241], [248, 249]], "functions": {"sanitize": {"executed_lines": [84, 85, 86, 89, 92, 93, 94, 95, 98, 99, 100, 101, 103, 104, 106, 108, 109, 111, 113, 114, 120, 122, 123, 124, 125, 126, 127, 128, 129, 130, 131, 134, 135, 138, 139, 143, 147, 148, 151, 157, 158, 159, 160, 169, 170, 172, 174, 175, 176, 177, 188, 191, 196, 197, 198, 199, 201, 203, 204, 210], "summary": {"covered_lines": 60, "num_statements": 70, "percent_covered": 85.18518518518519, "percent_covered_display": "85", "missing_lines": 10, "excluded_lines": 0, "percent_statements_covered": 85.71428571428571, "percent_statements_covered_display": "86", "num_branches": 38, "num_partial_branches": 6, "covered_branches": 32, "missing_branches": 6, "percent_branches_covered": 84.21052631578948, "percent_branches_covered_display": "84"}, "missing_lines": [115, 116, 117, 118, 119, 171, 180, 181, 182, 200], "excluded_lines": [], "start_line": 45, "executed_branches": [[85, 86], [85, 89], [98, 99], [98, 134], [100, 101], [100, 134], [101, 103], [101, 106], [106, 108], [106, 111], [111, 100], [111, 113], [114, 120], [120, 100], [120, 122], [130, 131], [134, 135], [134, 138], [138, 139], [138, 143], [147, 148], [147, 151], [169, 170], [169, 188], [170, 172], [172, 174], [175, 176], [196, 197], [196, 210], [198, 199], [198, 210], [199, 201]], "missing_branches": [[114, 115], [130, 100], [170, 171], [172, 180], [175, 169], [199, 200]]}, "strip_harmful_tags": {"executed_lines": [232, 233, 234, 236, 238, 241, 242, 243, 244, 247, 248, 250, 251, 253, 254, 256, 257, 260, 261, 263], "summary": {"covered_lines": 20, "num_statements": 22, "percent_covered": 88.63636363636364, "percent_covered_display": "89", "missing_lines": 2, "excluded_lines": 0, "percent_statements_covered": 90.9090909090909, "percent_statements_covered_display": "91", "num_branches": 22, "num_partial_branches": 3, "covered_branches": 19, "missing_branches": 3, "percent_branches_covered": 86.36363636363636, "percent_branches_covered_display": "86"}, "missing_lines": [235, 249], "excluded_lines": [], "start_line": 213, "executed_branches": [[233, 234], [233, 241], [234, 236], [236, 233], [236, 238], [241, 242], [241, 247], [243, 244], [247, 248], [247, 263], [248, 250], [251, 253], [251, 260], [253, 254], [253, 256], [256, 251], [256, 257], [260, 247], [260, 261]], "missing_branches": [[234, 235], [243, 241], [248, 249]]}, "": {"executed_lines": [10, 12, 13, 15, 17, 27, 42, 45, 213], "summary": {"covered_lines": 9, "num_statements": 9, "percent_covered": 100.0, "percent_covered_display": "100", "missing_lines": 0, "excluded_lines": 0, "percent_statements_covered": 100.0, "percent_statements_covered_display": "100", "num_branches": 0, "num_partial_branches": 0, "covered_branches": 0, "missing_branches": 0, "percent_branches_covered": 100.0, "percent_branches_covered_display": "100"}, "missing_lines": [], "excluded_lines": [], "start_line": 1, "executed_branches": [], "missing_branches": []}}, "classes": {"": {"executed_lines": [10, 12, 13, 15, 17, 27, 42, 45, 84, 85, 86, 89, 92, 93, 94, 95, 98, 99, 100, 101, 103, 104, 106, 108, 109, 111, 113, 114, 120, 122, 123, 124, 125, 126, 127, 128, 129, 130, 131, 134, 135, 138, 139, 143, 147, 148, 151, 157, 158, 159, 160, 169, 170, 172, 174, 175, 176, 177, 188, 191, 196, 197, 198, 199, 201, 203, 204, 210, 213, 232, 233, 234, 236, 238, 241, 242, 243, 244, 247, 248, 250, 251, 253, 254, 256, 257, 260, 261, 263], "summary": {"covered_lines": 89, "num_statements": 101, "percent_covered": 86.95652173913044, "percent_covered_display": "87", "missing_lines": 12, "excluded_lines": 0, "percent_statements_covered": 88.11881188118812, "percent_statements_covered_display": "88", "num_branches": 60, "num_partial_branches": 9, "covered_branches": 51, "missing_branches": 9, "percent_branches_covered": 85.0, "percent_branches_covered_display": "85"}, "missing_lines": [115, 116, 117, 118, 119, 171, 180, 181, 182, 200, 235, 249], "excluded_lines": [], "start_line": 1, "executed_branches": [[85, 86], [85, 89], [98, 99], [98, 134], [100, 101], [100, 134], [101, 103], [101, 106], [106, 108], [106, 111], [111, 100], [111, 113], [114, 120], [120, 100], [120, 122], [130, 131], [134, 135], [134, 138], [138, 139], [138, 143], [147, 148], [147, 151], [169, 170], [169, 188], [170, 172], [172, 174], [175, 176], [196, 197], [196, 210], [198, 199], [198, 210], [199, 201], [233, 234], [233, 241], [234, 236], [236, 233], [236, 238], [241, 242], [241, 247], [243, 244], [247, 248], [247, 263], [248, 250], [251, 253], [251, 260], [253, 254], [253, 256], [256, 251], [256, 257], [260, 247], [260, 261]], "missing_branches": [[114, 115], [130, 100], [170, 171], [172, 180], [175, 169], [199, 200], [234, 235], [243, 241], [248, 249]]}}}, "ttrss/articles/search.py": {"executed_lines": [13, 15, 16, 17, 18, 20, 21, 22, 24, 25, 26, 27, 28, 29, 30, 32, 35, 44, 46, 47, 48, 50, 51, 52, 56, 68, 81, 82, 84, 85, 86, 87, 89, 90, 91, 92, 93, 94, 96, 97, 98, 100, 101, 103, 104, 106, 107, 109, 110, 111, 112, 113, 114, 115, 116, 117, 121, 122, 126, 127, 132, 133, 134, 135, 137, 138, 139, 140, 141, 143, 144, 147, 148, 149, 150, 151, 152, 153, 154, 155, 157, 158, 159, 160, 162, 170, 197, 198, 199, 201, 202, 207, 208, 209, 211, 216, 217, 218, 220, 221, 226, 227, 228, 233, 235, 236, 237, 238, 240, 241, 242, 243, 244, 245, 249, 250, 251, 252, 257, 258, 259, 260, 261, 262, 263, 268, 269, 270, 271, 272, 274, 275, 276, 277, 279, 280, 281, 282, 283, 284, 289, 291, 292, 293, 294, 295, 296, 297, 298, 300, 302, 303, 305, 306, 307, 309, 313, 314, 316, 317, 318, 319, 320, 325, 327, 328, 329, 330, 331, 336, 338, 342, 343, 344, 346, 350, 351, 352, 353, 354, 355, 357, 358, 359, 364, 365, 367, 368, 369, 370, 373, 374, 379, 380, 381, 383, 386, 387, 392, 395, 403, 404, 405, 406, 408, 410, 411, 415, 416, 417, 418, 422, 423, 428, 459, 460, 462, 467, 468, 469, 471, 473, 476, 478, 479, 485, 486, 487, 488, 490, 493, 500, 505, 506, 513, 518, 519, 521, 522, 524, 525, 527, 528, 529, 531, 532, 534, 535, 540, 542, 543, 548, 549, 550, 556, 562, 567, 568], "summary": {"covered_lines": 258, "num_statements": 267, "percent_covered": 94.9874686716792, "percent_covered_display": "95", "missing_lines": 9, "excluded_lines": 0, "percent_statements_covered": 96.62921348314607, "percent_statements_covered_display": "97", "num_branches": 132, "num_partial_branches": 7, "covered_branches": 121, "missing_branches": 11, "percent_branches_covered": 91.66666666666667, "percent_branches_covered_display": "92"}, "missing_lines": [129, 130, 131, 239, 285, 286, 287, 419, 421], "excluded_lines": [], "executed_branches": [[89, 90], [89, 162], [91, 92], [91, 96], [93, 94], [93, 96], [109, 110], [109, 112], [112, 113], [112, 115], [115, 116], [115, 133], [116, 117], [116, 121], [121, 122], [121, 126], [126, 127], [133, 134], [133, 139], [134, 135], [134, 137], [139, 140], [139, 147], [140, 141], [140, 143], [147, 148], [147, 157], [159, 89], [159, 160], [209, 211], [209, 216], [217, 218], [217, 226], [227, 228], [227, 233], [235, 236], [235, 242], [236, 237], [238, 240], [240, 241], [240, 257], [242, 243], [242, 244], [244, 245], [244, 249], [249, 250], [249, 251], [251, 252], [251, 257], [258, 259], [258, 268], [274, 275], [274, 277], [277, 279], [277, 281], [281, 282], [281, 292], [283, 284], [283, 291], [284, 289], [292, 293], [292, 303], [293, 294], [293, 302], [295, 296], [295, 300], [303, 305], [303, 307], [307, 309], [307, 314], [314, 316], [314, 325], [319, 320], [325, 327], [325, 336], [330, 331], [336, 338], [336, 344], [344, 346], [344, 355], [353, 354], [355, 357], [355, 365], [365, 367], [365, 370], [370, 373], [370, 383], [386, 387], [386, 392], [392, 395], [392, 405], [405, 406], [405, 408], [410, 411], [410, 415], [415, 416], [415, 428], [459, 460], [459, 467], [467, 468], [467, 485], [471, 473], [471, 476], [478, 479], [478, 518], [490, 493], [490, 505], [505, 506], [505, 518], [521, 522], [521, 524], [524, 525], [524, 527], [527, 528], [527, 531], [531, 532], [531, 534], [534, 535], [534, 540], [542, 543], [542, 548]], "missing_branches": [[126, 129], [130, 131], [130, 132], [236, 257], [238, 239], [284, 285], [319, 386], [330, 386], [353, 386], [419, 421], [419, 428]], "functions": {"QueryHeadlinesResult.__new__": {"executed_lines": [47, 48], "summary": {"covered_lines": 2, "num_statements": 2, "percent_covered": 100.0, "percent_covered_display": "100", "missing_lines": 0, "excluded_lines": 0, "percent_statements_covered": 100.0, "percent_statements_covered_display": "100", "num_branches": 0, "num_partial_branches": 0, "covered_branches": 0, "missing_branches": 0, "percent_branches_covered": 100.0, "percent_branches_covered_display": "100"}, "missing_lines": [], "excluded_lines": [], "start_line": 46, "executed_branches": [], "missing_branches": []}, "QueryHeadlinesResult.__init__": {"executed_lines": [51, 52], "summary": {"covered_lines": 2, "num_statements": 2, "percent_covered": 100.0, "percent_covered_display": "100", "missing_lines": 0, "excluded_lines": 0, "percent_statements_covered": 100.0, "percent_statements_covered_display": "100", "num_branches": 0, "num_partial_branches": 0, "covered_branches": 0, "missing_branches": 0, "percent_branches_covered": 100.0, "percent_branches_covered_display": "100"}, "missing_lines": [], "excluded_lines": [], "start_line": 50, "executed_branches": [], "missing_branches": []}, "search_to_sql": {"executed_lines": [81, 82, 84, 85, 86, 87, 89, 90, 91, 92, 93, 94, 96, 97, 98, 100, 103, 106, 109, 110, 111, 112, 113, 114, 115, 116, 117, 121, 122, 126, 127, 132, 133, 134, 135, 137, 138, 139, 140, 141, 143, 144, 147, 148, 149, 150, 151, 152, 153, 154, 155, 157, 158, 159, 160, 162], "summary": {"covered_lines": 56, "num_statements": 59, "percent_covered": 93.4065934065934, "percent_covered_display": "93", "missing_lines": 3, "excluded_lines": 0, "percent_statements_covered": 94.91525423728814, "percent_statements_covered_display": "95", "num_branches": 32, "num_partial_branches": 1, "covered_branches": 29, "missing_branches": 3, "percent_branches_covered": 90.625, "percent_branches_covered_display": "91"}, "missing_lines": [129, 130, 131], "excluded_lines": [], "start_line": 68, "executed_branches": [[89, 90], [89, 162], [91, 92], [91, 96], [93, 94], [93, 96], [109, 110], [109, 112], [112, 113], [112, 115], [115, 116], [115, 133], [116, 117], [116, 121], [121, 122], [121, 126], [126, 127], [133, 134], [133, 139], [134, 135], [134, 137], [139, 140], [139, 147], [140, 141], [140, 143], [147, 148], [147, 157], [159, 89], [159, 160]], "missing_branches": [[126, 129], [130, 131], [130, 132]]}, "search_to_sql._like": {"executed_lines": [101], "summary": {"covered_lines": 1, "num_statements": 1, "percent_covered": 100.0, "percent_covered_display": "100", "missing_lines": 0, "excluded_lines": 0, "percent_statements_covered": 100.0, "percent_statements_covered_display": "100", "num_branches": 0, "num_partial_branches": 0, "covered_branches": 0, "missing_branches": 0, "percent_branches_covered": 100.0, "percent_branches_covered_display": "100"}, "missing_lines": [], "excluded_lines": [], "start_line": 100, "executed_branches": [], "missing_branches": []}, "search_to_sql._ilike_both": {"executed_lines": [104], "summary": {"covered_lines": 1, "num_statements": 1, "percent_covered": 100.0, "percent_covered_display": "100", "missing_lines": 0, "excluded_lines": 0, "percent_statements_covered": 100.0, "percent_statements_covered_display": "100", "num_branches": 0, "num_partial_branches": 0, "covered_branches": 0, "missing_branches": 0, "percent_branches_covered": 100.0, "percent_branches_covered_display": "100"}, "missing_lines": [], "excluded_lines": [], "start_line": 103, "executed_branches": [], "missing_branches": []}, "search_to_sql._maybe_not": {"executed_lines": [107], "summary": {"covered_lines": 1, "num_statements": 1, "percent_covered": 100.0, "percent_covered_display": "100", "missing_lines": 0, "excluded_lines": 0, "percent_statements_covered": 100.0, "percent_statements_covered_display": "100", "num_branches": 0, "num_partial_branches": 0, "covered_branches": 0, "missing_branches": 0, "percent_branches_covered": 100.0, "percent_branches_covered_display": "100"}, "missing_lines": [], "excluded_lines": [], "start_line": 106, "executed_branches": [], "missing_branches": []}, "queryFeedHeadlines": {"executed_lines": [197, 198, 199, 201, 202, 207, 208, 209, 211, 216, 217, 218, 220, 221, 226, 227, 228, 233, 235, 236, 237, 238, 240, 241, 242, 243, 244, 245, 249, 250, 251, 252, 257, 258, 259, 260, 261, 262, 263, 268, 269, 270, 271, 272, 274, 275, 276, 277, 279, 280, 281, 282, 283, 284, 289, 291, 292, 293, 294, 295, 296, 297, 298, 300, 302, 303, 305, 306, 307, 309, 313, 314, 316, 317, 318, 319, 320, 325, 327, 328, 329, 330, 331, 336, 338, 342, 343, 344, 346, 350, 351, 352, 353, 354, 355, 357, 358, 359, 364, 365, 367, 368, 369, 370, 373, 374, 379, 380, 381, 383, 386, 387, 392, 395, 403, 404, 405, 406, 408, 410, 411, 415, 416, 417, 418, 422, 423, 428, 459, 460, 462, 467, 468, 469, 471, 473, 476, 478, 479, 485, 486, 487, 488, 490, 493, 500, 505, 506, 513, 518, 519, 521, 522, 524, 525, 527, 528, 529, 531, 532, 534, 535, 540, 542, 543, 548, 549, 550, 556, 562, 567, 568], "summary": {"covered_lines": 172, "num_statements": 178, "percent_covered": 94.96402877697842, "percent_covered_display": "95", "missing_lines": 6, "excluded_lines": 0, "percent_statements_covered": 96.62921348314607, "percent_statements_covered_display": "97", "num_branches": 100, "num_partial_branches": 6, "covered_branches": 92, "missing_branches": 8, "percent_branches_covered": 92.0, "percent_branches_covered_display": "92"}, "missing_lines": [239, 285, 286, 287, 419, 421], "excluded_lines": [], "start_line": 170, "executed_branches": [[209, 211], [209, 216], [217, 218], [217, 226], [227, 228], [227, 233], [235, 236], [235, 242], [236, 237], [238, 240], [240, 241], [240, 257], [242, 243], [242, 244], [244, 245], [244, 249], [249, 250], [249, 251], [251, 252], [251, 257], [258, 259], [258, 268], [274, 275], [274, 277], [277, 279], [277, 281], [281, 282], [281, 292], [283, 284], [283, 291], [284, 289], [292, 293], [292, 303], [293, 294], [293, 302], [295, 296], [295, 300], [303, 305], [303, 307], [307, 309], [307, 314], [314, 316], [314, 325], [319, 320], [325, 327], [325, 336], [330, 331], [336, 338], [336, 344], [344, 346], [344, 355], [353, 354], [355, 357], [355, 365], [365, 367], [365, 370], [370, 373], [370, 383], [386, 387], [386, 392], [392, 395], [392, 405], [405, 406], [405, 408], [410, 411], [410, 415], [415, 416], [415, 428], [459, 460], [459, 467], [467, 468], [467, 485], [471, 473], [471, 476], [478, 479], [478, 518], [490, 493], [490, 505], [505, 506], [505, 518], [521, 522], [521, 524], [524, 525], [524, 527], [527, 528], [527, 531], [531, 532], [531, 534], [534, 535], [534, 540], [542, 543], [542, 548]], "missing_branches": [[236, 257], [238, 239], [284, 285], [319, 386], [330, 386], [353, 386], [419, 421], [419, 428]]}, "": {"executed_lines": [13, 15, 16, 17, 18, 20, 21, 22, 24, 25, 26, 27, 28, 29, 30, 32, 35, 44, 46, 50, 56, 68, 170], "summary": {"covered_lines": 23, "num_statements": 23, "percent_covered": 100.0, "percent_covered_display": "100", "missing_lines": 0, "excluded_lines": 0, "percent_statements_covered": 100.0, "percent_statements_covered_display": "100", "num_branches": 0, "num_partial_branches": 0, "covered_branches": 0, "missing_branches": 0, "percent_branches_covered": 100.0, "percent_branches_covered_display": "100"}, "missing_lines": [], "excluded_lines": [], "start_line": 1, "executed_branches": [], "missing_branches": []}}, "classes": {"QueryHeadlinesResult": {"executed_lines": [47, 48, 51, 52], "summary": {"covered_lines": 4, "num_statements": 4, "percent_covered": 100.0, "percent_covered_display": "100", "missing_lines": 0, "excluded_lines": 0, "percent_statements_covered": 100.0, "percent_statements_covered_display": "100", "num_branches": 0, "num_partial_branches": 0, "covered_branches": 0, "missing_branches": 0, "percent_branches_covered": 100.0, "percent_branches_covered_display": "100"}, "missing_lines": [], "excluded_lines": [], "start_line": 35, "executed_branches": [], "missing_branches": []}, "": {"executed_lines": [13, 15, 16, 17, 18, 20, 21, 22, 24, 25, 26, 27, 28, 29, 30, 32, 35, 44, 46, 50, 56, 68, 81, 82, 84, 85, 86, 87, 89, 90, 91, 92, 93, 94, 96, 97, 98, 100, 101, 103, 104, 106, 107, 109, 110, 111, 112, 113, 114, 115, 116, 117, 121, 122, 126, 127, 132, 133, 134, 135, 137, 138, 139, 140, 141, 143, 144, 147, 148, 149, 150, 151, 152, 153, 154, 155, 157, 158, 159, 160, 162, 170, 197, 198, 199, 201, 202, 207, 208, 209, 211, 216, 217, 218, 220, 221, 226, 227, 228, 233, 235, 236, 237, 238, 240, 241, 242, 243, 244, 245, 249, 250, 251, 252, 257, 258, 259, 260, 261, 262, 263, 268, 269, 270, 271, 272, 274, 275, 276, 277, 279, 280, 281, 282, 283, 284, 289, 291, 292, 293, 294, 295, 296, 297, 298, 300, 302, 303, 305, 306, 307, 309, 313, 314, 316, 317, 318, 319, 320, 325, 327, 328, 329, 330, 331, 336, 338, 342, 343, 344, 346, 350, 351, 352, 353, 354, 355, 357, 358, 359, 364, 365, 367, 368, 369, 370, 373, 374, 379, 380, 381, 383, 386, 387, 392, 395, 403, 404, 405, 406, 408, 410, 411, 415, 416, 417, 418, 422, 423, 428, 459, 460, 462, 467, 468, 469, 471, 473, 476, 478, 479, 485, 486, 487, 488, 490, 493, 500, 505, 506, 513, 518, 519, 521, 522, 524, 525, 527, 528, 529, 531, 532, 534, 535, 540, 542, 543, 548, 549, 550, 556, 562, 567, 568], "summary": {"covered_lines": 254, "num_statements": 263, "percent_covered": 94.9367088607595, "percent_covered_display": "95", "missing_lines": 9, "excluded_lines": 0, "percent_statements_covered": 96.57794676806084, "percent_statements_covered_display": "97", "num_branches": 132, "num_partial_branches": 7, "covered_branches": 121, "missing_branches": 11, "percent_branches_covered": 91.66666666666667, "percent_branches_covered_display": "92"}, "missing_lines": [129, 130, 131, 239, 285, 286, 287, 419, 421], "excluded_lines": [], "start_line": 1, "executed_branches": [[89, 90], [89, 162], [91, 92], [91, 96], [93, 94], [93, 96], [109, 110], [109, 112], [112, 113], [112, 115], [115, 116], [115, 133], [116, 117], [116, 121], [121, 122], [121, 126], [126, 127], [133, 134], [133, 139], [134, 135], [134, 137], [139, 140], [139, 147], [140, 141], [140, 143], [147, 148], [147, 157], [159, 89], [159, 160], [209, 211], [209, 216], [217, 218], [217, 226], [227, 228], [227, 233], [235, 236], [235, 242], [236, 237], [238, 240], [240, 241], [240, 257], [242, 243], [242, 244], [244, 245], [244, 249], [249, 250], [249, 251], [251, 252], [251, 257], [258, 259], [258, 268], [274, 275], [274, 277], [277, 279], [277, 281], [281, 282], [281, 292], [283, 284], [283, 291], [284, 289], [292, 293], [292, 303], [293, 294], [293, 302], [295, 296], [295, 300], [303, 305], [303, 307], [307, 309], [307, 314], [314, 316], [314, 325], [319, 320], [325, 327], [325, 336], [330, 331], [336, 338], [336, 344], [344, 346], [344, 355], [353, 354], [355, 357], [355, 365], [365, 367], [365, 370], [370, 373], [370, 383], [386, 387], [386, 392], [392, 395], [392, 405], [405, 406], [405, 408], [410, 411], [410, 415], [415, 416], [415, 428], [459, 460], [459, 467], [467, 468], [467, 485], [471, 473], [471, 476], [478, 479], [478, 518], [490, 493], [490, 505], [505, 506], [505, 518], [521, 522], [521, 524], [524, 525], [524, 527], [527, 528], [527, 531], [531, 532], [531, 534], [534, 535], [534, 540], [542, 543], [542, 548]], "missing_branches": [[126, 129], [130, 131], [130, 132], [236, 257], [238, 239], [284, 285], [319, 386], [330, 386], [353, 386], [419, 421], [419, 428]]}}}, "ttrss/articles/tags.py": {"executed_lines": [11, 13, 14, 16, 17, 18, 20, 21, 23, 25, 28, 33, 34, 35, 36, 37, 38, 39, 42, 55, 56, 63, 64, 67, 74, 80, 83, 84, 91, 94, 107, 114, 115, 118, 126, 127, 128, 129, 130, 131, 132, 133, 134, 138, 141], "summary": {"covered_lines": 45, "num_statements": 45, "percent_covered": 100.0, "percent_covered_display": "100", "missing_lines": 0, "excluded_lines": 0, "percent_statements_covered": 100.0, "percent_statements_covered_display": "100", "num_branches": 18, "num_partial_branches": 0, "covered_branches": 18, "missing_branches": 0, "percent_branches_covered": 100.0, "percent_branches_covered_display": "100"}, "missing_lines": [], "excluded_lines": [], "executed_branches": [[33, 34], [33, 35], [35, 36], [35, 37], [37, 38], [37, 39], [55, 56], [55, 63], [63, 64], [63, 67], [114, 115], [114, 118], [128, 129], [128, 133], [130, 128], [130, 131], [133, 134], [133, 138]], "missing_branches": [], "functions": {"tag_is_valid": {"executed_lines": [33, 34, 35, 36, 37, 38, 39], "summary": {"covered_lines": 7, "num_statements": 7, "percent_covered": 100.0, "percent_covered_display": "100", "missing_lines": 0, "excluded_lines": 0, "percent_statements_covered": 100.0, "percent_statements_covered_display": "100", "num_branches": 6, "num_partial_branches": 0, "covered_branches": 6, "missing_branches": 0, "percent_branches_covered": 100.0, "percent_branches_covered_display": "100"}, "missing_lines": [], "excluded_lines": [], "start_line": 28, "executed_branches": [[33, 34], [33, 35], [35, 36], [35, 37], [37, 38], [37, 39]], "missing_branches": []}, "get_article_tags": {"executed_lines": [55, 56, 63, 64, 67, 74, 80, 83, 84, 91], "summary": {"covered_lines": 10, "num_statements": 10, "percent_covered": 100.0, "percent_covered_display": "100", "missing_lines": 0, "excluded_lines": 0, "percent_statements_covered": 100.0, "percent_statements_covered_display": "100", "num_branches": 4, "num_partial_branches": 0, "covered_branches": 4, "missing_branches": 0, "percent_branches_covered": 100.0, "percent_branches_covered_display": "100"}, "missing_lines": [], "excluded_lines": [], "start_line": 42, "executed_branches": [[55, 56], [55, 63], [63, 64], [63, 67]], "missing_branches": []}, "setArticleTags": {"executed_lines": [107, 114, 115, 118, 126, 127, 128, 129, 130, 131, 132, 133, 134, 138, 141], "summary": {"covered_lines": 15, "num_statements": 15, "percent_covered": 100.0, "percent_covered_display": "100", "missing_lines": 0, "excluded_lines": 0, "percent_statements_covered": 100.0, "percent_statements_covered_display": "100", "num_branches": 8, "num_partial_branches": 0, "covered_branches": 8, "missing_branches": 0, "percent_branches_covered": 100.0, "percent_branches_covered_display": "100"}, "missing_lines": [], "excluded_lines": [], "start_line": 94, "executed_branches": [[114, 115], [114, 118], [128, 129], [128, 133], [130, 128], [130, 131], [133, 134], [133, 138]], "missing_branches": []}, "": {"executed_lines": [11, 13, 14, 16, 17, 18, 20, 21, 23, 25, 28, 42, 94], "summary": {"covered_lines": 13, "num_statements": 13, "percent_covered": 100.0, "percent_covered_display": "100", "missing_lines": 0, "excluded_lines": 0, "percent_statements_covered": 100.0, "percent_statements_covered_display": "100", "num_branches": 0, "num_partial_branches": 0, "covered_branches": 0, "missing_branches": 0, "percent_branches_covered": 100.0, "percent_branches_covered_display": "100"}, "missing_lines": [], "excluded_lines": [], "start_line": 1, "executed_branches": [], "missing_branches": []}}, "classes": {"": {"executed_lines": [11, 13, 14, 16, 17, 18, 20, 21, 23, 25, 28, 33, 34, 35, 36, 37, 38, 39, 42, 55, 56, 63, 64, 67, 74, 80, 83, 84, 91, 94, 107, 114, 115, 118, 126, 127, 128, 129, 130, 131, 132, 133, 134, 138, 141], "summary": {"covered_lines": 45, "num_statements": 45, "percent_covered": 100.0, "percent_covered_display": "100", "missing_lines": 0, "excluded_lines": 0, "percent_statements_covered": 100.0, "percent_statements_covered_display": "100", "num_branches": 18, "num_partial_branches": 0, "covered_branches": 18, "missing_branches": 0, "percent_branches_covered": 100.0, "percent_branches_covered_display": "100"}, "missing_lines": [], "excluded_lines": [], "start_line": 1, "executed_branches": [[33, 34], [33, 35], [35, 36], [35, 37], [37, 38], [37, 39], [55, 56], [55, 63], [63, 64], [63, 67], [114, 115], [114, 118], [128, 129], [128, 133], [130, 128], [130, 131], [133, 134], [133, 138]], "missing_branches": []}}}, "ttrss/auth/__init__.py": {"executed_lines": [], "summary": {"covered_lines": 0, "num_statements": 0, "percent_covered": 100.0, "percent_covered_display": "100", "missing_lines": 0, "excluded_lines": 0, "percent_statements_covered": 100.0, "percent_statements_covered_display": "100", "num_branches": 0, "num_partial_branches": 0, "covered_branches": 0, "missing_branches": 0, "percent_branches_covered": 100.0, "percent_branches_covered_display": "100"}, "missing_lines": [], "excluded_lines": [], "executed_branches": [], "missing_branches": [], "functions": {"": {"executed_lines": [], "summary": {"covered_lines": 0, "num_statements": 0, "percent_covered": 100.0, "percent_covered_display": "100", "missing_lines": 0, "excluded_lines": 0, "percent_statements_covered": 100.0, "percent_statements_covered_display": "100", "num_branches": 0, "num_partial_branches": 0, "covered_branches": 0, "missing_branches": 0, "percent_branches_covered": 100.0, "percent_branches_covered_display": "100"}, "missing_lines": [], "excluded_lines": [], "start_line": 1, "executed_branches": [], "missing_branches": []}}, "classes": {"": {"executed_lines": [], "summary": {"covered_lines": 0, "num_statements": 0, "percent_covered": 100.0, "percent_covered_display": "100", "missing_lines": 0, "excluded_lines": 0, "percent_statements_covered": 100.0, "percent_statements_covered_display": "100", "num_branches": 0, "num_partial_branches": 0, "covered_branches": 0, "missing_branches": 0, "percent_branches_covered": 100.0, "percent_branches_covered_display": "100"}, "missing_lines": [], "excluded_lines": [], "start_line": 1, "executed_branches": [], "missing_branches": []}}}, "ttrss/auth/authenticate.py": {"executed_lines": [14, 16, 17, 18, 20, 21, 23, 26, 60, 61, 63, 64, 65, 69, 72, 74, 76, 79, 81, 82, 84, 88, 92, 94, 98, 101, 103, 105, 113, 114, 116, 119, 123, 126, 128, 131, 148, 149, 152, 160, 168, 171, 189, 222, 223, 225, 227, 231, 232, 234, 235, 239, 242, 244, 246, 249, 254, 255, 257, 258, 259, 261, 264, 267], "summary": {"covered_lines": 64, "num_statements": 66, "percent_covered": 96.51162790697674, "percent_covered_display": "97", "missing_lines": 2, "excluded_lines": 0, "percent_statements_covered": 96.96969696969697, "percent_statements_covered_display": "97", "num_branches": 20, "num_partial_branches": 1, "covered_branches": 19, "missing_branches": 1, "percent_branches_covered": 95.0, "percent_branches_covered_display": "95"}, "missing_lines": [182, 186], "excluded_lines": [], "executed_branches": [[69, 72], [69, 113], [79, 81], [79, 105], [82, 84], [82, 92], [114, 116], [114, 123], [227, 231], [227, 239], [231, 232], [231, 234], [239, 242], [239, 254], [242, 244], [242, 246], [246, 249], [258, 259], [258, 264]], "missing_branches": [[246, 264]], "functions": {"authenticate_user": {"executed_lines": [60, 61, 63, 64, 65, 69, 72, 74, 76, 79, 81, 82, 84, 88, 92, 94, 98, 101, 103, 105, 113, 114, 116, 119, 123, 126, 128], "summary": {"covered_lines": 27, "num_statements": 27, "percent_covered": 100.0, "percent_covered_display": "100", "missing_lines": 0, "excluded_lines": 0, "percent_statements_covered": 100.0, "percent_statements_covered_display": "100", "num_branches": 8, "num_partial_branches": 0, "covered_branches": 8, "missing_branches": 0, "percent_branches_covered": 100.0, "percent_branches_covered_display": "100"}, "missing_lines": [], "excluded_lines": [], "start_line": 26, "executed_branches": [[69, 72], [69, 113], [79, 81], [79, 105], [82, 84], [82, 92], [114, 116], [114, 123]], "missing_branches": []}, "initialize_user": {"executed_lines": [148, 149, 152, 160, 168], "summary": {"covered_lines": 5, "num_statements": 5, "percent_covered": 100.0, "percent_covered_display": "100", "missing_lines": 0, "excluded_lines": 0, "percent_statements_covered": 100.0, "percent_statements_covered_display": "100", "num_branches": 0, "num_partial_branches": 0, "covered_branches": 0, "missing_branches": 0, "percent_branches_covered": 100.0, "percent_branches_covered_display": "100"}, "missing_lines": [], "excluded_lines": [], "start_line": 131, "executed_branches": [], "missing_branches": []}, "logout_user": {"executed_lines": [], "summary": {"covered_lines": 0, "num_statements": 2, "percent_covered": 0.0, "percent_covered_display": "0", "missing_lines": 2, "excluded_lines": 0, "percent_statements_covered": 0.0, "percent_statements_covered_display": "0", "num_branches": 0, "num_partial_branches": 0, "covered_branches": 0, "missing_branches": 0, "percent_branches_covered": 100.0, "percent_branches_covered_display": "100"}, "missing_lines": [182, 186], "excluded_lines": [], "start_line": 171, "executed_branches": [], "missing_branches": []}, "login_sequence": {"executed_lines": [222, 223, 225, 227, 231, 232, 234, 235, 239, 242, 244, 246, 249, 254, 255, 257, 258, 259, 261, 264, 267], "summary": {"covered_lines": 21, "num_statements": 21, "percent_covered": 96.96969696969697, "percent_covered_display": "97", "missing_lines": 0, "excluded_lines": 0, "percent_statements_covered": 100.0, "percent_statements_covered_display": "100", "num_branches": 12, "num_partial_branches": 1, "covered_branches": 11, "missing_branches": 1, "percent_branches_covered": 91.66666666666667, "percent_branches_covered_display": "92"}, "missing_lines": [], "excluded_lines": [], "start_line": 189, "executed_branches": [[227, 231], [227, 239], [231, 232], [231, 234], [239, 242], [239, 254], [242, 244], [242, 246], [246, 249], [258, 259], [258, 264]], "missing_branches": [[246, 264]]}, "": {"executed_lines": [14, 16, 17, 18, 20, 21, 23, 26, 131, 171, 189], "summary": {"covered_lines": 11, "num_statements": 11, "percent_covered": 100.0, "percent_covered_display": "100", "missing_lines": 0, "excluded_lines": 0, "percent_statements_covered": 100.0, "percent_statements_covered_display": "100", "num_branches": 0, "num_partial_branches": 0, "covered_branches": 0, "missing_branches": 0, "percent_branches_covered": 100.0, "percent_branches_covered_display": "100"}, "missing_lines": [], "excluded_lines": [], "start_line": 1, "executed_branches": [], "missing_branches": []}}, "classes": {"": {"executed_lines": [14, 16, 17, 18, 20, 21, 23, 26, 60, 61, 63, 64, 65, 69, 72, 74, 76, 79, 81, 82, 84, 88, 92, 94, 98, 101, 103, 105, 113, 114, 116, 119, 123, 126, 128, 131, 148, 149, 152, 160, 168, 171, 189, 222, 223, 225, 227, 231, 232, 234, 235, 239, 242, 244, 246, 249, 254, 255, 257, 258, 259, 261, 264, 267], "summary": {"covered_lines": 64, "num_statements": 66, "percent_covered": 96.51162790697674, "percent_covered_display": "97", "missing_lines": 2, "excluded_lines": 0, "percent_statements_covered": 96.96969696969697, "percent_statements_covered_display": "97", "num_branches": 20, "num_partial_branches": 1, "covered_branches": 19, "missing_branches": 1, "percent_branches_covered": 95.0, "percent_branches_covered_display": "95"}, "missing_lines": [182, 186], "excluded_lines": [], "start_line": 1, "executed_branches": [[69, 72], [69, 113], [79, 81], [79, 105], [82, 84], [82, 92], [114, 116], [114, 123], [227, 231], [227, 239], [231, 232], [231, 234], [239, 242], [239, 254], [242, 244], [242, 246], [246, 249], [258, 259], [258, 264]], "missing_branches": [[246, 264]]}}}, "ttrss/auth/password.py": {"executed_lines": [23, 25, 26, 27, 30, 35, 37, 43, 67, 68, 69, 70, 71, 73, 76, 77, 78, 80, 84, 85, 86, 88, 90, 91, 92, 94, 97, 105], "summary": {"covered_lines": 28, "num_statements": 28, "percent_covered": 100.0, "percent_covered_display": "100", "missing_lines": 0, "excluded_lines": 0, "percent_statements_covered": 100.0, "percent_statements_covered_display": "100", "num_branches": 8, "num_partial_branches": 0, "covered_branches": 8, "missing_branches": 0, "percent_branches_covered": 100.0, "percent_branches_covered_display": "100"}, "missing_lines": [], "excluded_lines": [], "executed_branches": [[67, 68], [67, 73], [73, 76], [73, 80], [80, 84], [80, 88], [88, 90], [88, 94]], "missing_branches": [], "functions": {"hash_password": {"executed_lines": [37], "summary": {"covered_lines": 1, "num_statements": 1, "percent_covered": 100.0, "percent_covered_display": "100", "missing_lines": 0, "excluded_lines": 0, "percent_statements_covered": 100.0, "percent_statements_covered_display": "100", "num_branches": 0, "num_partial_branches": 0, "covered_branches": 0, "missing_branches": 0, "percent_branches_covered": 100.0, "percent_branches_covered_display": "100"}, "missing_lines": [], "excluded_lines": [], "start_line": 35, "executed_branches": [], "missing_branches": []}, "verify_password": {"executed_lines": [67, 68, 69, 70, 71, 73, 76, 77, 78, 80, 84, 85, 86, 88, 90, 91, 92, 94], "summary": {"covered_lines": 18, "num_statements": 18, "percent_covered": 100.0, "percent_covered_display": "100", "missing_lines": 0, "excluded_lines": 0, "percent_statements_covered": 100.0, "percent_statements_covered_display": "100", "num_branches": 8, "num_partial_branches": 0, "covered_branches": 8, "missing_branches": 0, "percent_branches_covered": 100.0, "percent_branches_covered_display": "100"}, "missing_lines": [], "excluded_lines": [], "start_line": 43, "executed_branches": [[67, 68], [67, 73], [73, 76], [73, 80], [80, 84], [80, 88], [88, 90], [88, 94]], "missing_branches": []}, "needs_upgrade": {"executed_lines": [105], "summary": {"covered_lines": 1, "num_statements": 1, "percent_covered": 100.0, "percent_covered_display": "100", "missing_lines": 0, "excluded_lines": 0, "percent_statements_covered": 100.0, "percent_statements_covered_display": "100", "num_branches": 0, "num_partial_branches": 0, "covered_branches": 0, "missing_branches": 0, "percent_branches_covered": 100.0, "percent_branches_covered_display": "100"}, "missing_lines": [], "excluded_lines": [], "start_line": 97, "executed_branches": [], "missing_branches": []}, "": {"executed_lines": [23, 25, 26, 27, 30, 35, 43, 97], "summary": {"covered_lines": 8, "num_statements": 8, "percent_covered": 100.0, "percent_covered_display": "100", "missing_lines": 0, "excluded_lines": 0, "percent_statements_covered": 100.0, "percent_statements_covered_display": "100", "num_branches": 0, "num_partial_branches": 0, "covered_branches": 0, "missing_branches": 0, "percent_branches_covered": 100.0, "percent_branches_covered_display": "100"}, "missing_lines": [], "excluded_lines": [], "start_line": 1, "executed_branches": [], "missing_branches": []}}, "classes": {"": {"executed_lines": [23, 25, 26, 27, 30, 35, 37, 43, 67, 68, 69, 70, 71, 73, 76, 77, 78, 80, 84, 85, 86, 88, 90, 91, 92, 94, 97, 105], "summary": {"covered_lines": 28, "num_statements": 28, "percent_covered": 100.0, "percent_covered_display": "100", "missing_lines": 0, "excluded_lines": 0, "percent_statements_covered": 100.0, "percent_statements_covered_display": "100", "num_branches": 8, "num_partial_branches": 0, "covered_branches": 8, "missing_branches": 0, "percent_branches_covered": 100.0, "percent_branches_covered_display": "100"}, "missing_lines": [], "excluded_lines": [], "start_line": 1, "executed_branches": [[67, 68], [67, 73], [73, 76], [73, 80], [80, 84], [80, 88], [88, 90], [88, 94]], "missing_branches": []}}}, "ttrss/auth/register.py": {"executed_lines": [7, 9, 10, 11, 12, 14, 18, 20, 21, 24, 28, 34, 40, 41, 45, 67, 68, 70, 71, 73, 74, 76, 80, 81, 84, 85, 86, 87, 91, 96, 99, 106, 107, 110, 111, 113, 115, 117, 127, 132, 134, 135, 136, 137, 143], "summary": {"covered_lines": 45, "num_statements": 48, "percent_covered": 90.0, "percent_covered_display": "90", "missing_lines": 3, "excluded_lines": 0, "percent_statements_covered": 93.75, "percent_statements_covered_display": "94", "num_branches": 12, "num_partial_branches": 3, "covered_branches": 9, "missing_branches": 3, "percent_branches_covered": 75.0, "percent_branches_covered_display": "75"}, "missing_lines": [77, 139, 140], "excluded_lines": [], "executed_branches": [[70, 71], [70, 73], [76, 80], [80, 81], [80, 84], [84, 85], [84, 91], [86, 87], [134, 135]], "missing_branches": [[76, 77], [86, 91], [134, 139]], "functions": {"check_username_available": {"executed_lines": [20, 21, 24], "summary": {"covered_lines": 3, "num_statements": 3, "percent_covered": 100.0, "percent_covered_display": "100", "missing_lines": 0, "excluded_lines": 0, "percent_statements_covered": 100.0, "percent_statements_covered_display": "100", "num_branches": 0, "num_partial_branches": 0, "covered_branches": 0, "missing_branches": 0, "percent_branches_covered": 100.0, "percent_branches_covered_display": "100"}, "missing_lines": [], "excluded_lines": [], "start_line": 18, "executed_branches": [], "missing_branches": []}, "cleanup_stale_registrations": {"executed_lines": [34, 40, 41], "summary": {"covered_lines": 3, "num_statements": 3, "percent_covered": 100.0, "percent_covered_display": "100", "missing_lines": 0, "excluded_lines": 0, "percent_statements_covered": 100.0, "percent_statements_covered_display": "100", "num_branches": 0, "num_partial_branches": 0, "covered_branches": 0, "missing_branches": 0, "percent_branches_covered": 100.0, "percent_branches_covered_display": "100"}, "missing_lines": [], "excluded_lines": [], "start_line": 28, "executed_branches": [], "missing_branches": []}, "register_user": {"executed_lines": [67, 68, 70, 71, 73, 74, 76, 80, 81, 84, 85, 86, 87, 91, 96, 99, 106, 107, 110, 111, 113, 115, 117], "summary": {"covered_lines": 23, "num_statements": 24, "percent_covered": 91.17647058823529, "percent_covered_display": "91", "missing_lines": 1, "excluded_lines": 0, "percent_statements_covered": 95.83333333333333, "percent_statements_covered_display": "96", "num_branches": 10, "num_partial_branches": 2, "covered_branches": 8, "missing_branches": 2, "percent_branches_covered": 80.0, "percent_branches_covered_display": "80"}, "missing_lines": [77], "excluded_lines": [], "start_line": 45, "executed_branches": [[70, 71], [70, 73], [76, 80], [80, 81], [80, 84], [84, 85], [84, 91], [86, 87]], "missing_branches": [[76, 77], [86, 91]]}, "registration_slots_feed": {"executed_lines": [132, 134, 135, 136, 137, 143], "summary": {"covered_lines": 6, "num_statements": 8, "percent_covered": 70.0, "percent_covered_display": "70", "missing_lines": 2, "excluded_lines": 0, "percent_statements_covered": 75.0, "percent_statements_covered_display": "75", "num_branches": 2, "num_partial_branches": 1, "covered_branches": 1, "missing_branches": 1, "percent_branches_covered": 50.0, "percent_branches_covered_display": "50"}, "missing_lines": [139, 140], "excluded_lines": [], "start_line": 127, "executed_branches": [[134, 135]], "missing_branches": [[134, 139]]}, "": {"executed_lines": [7, 9, 10, 11, 12, 14, 18, 28, 45, 127], "summary": {"covered_lines": 10, "num_statements": 10, "percent_covered": 100.0, "percent_covered_display": "100", "missing_lines": 0, "excluded_lines": 0, "percent_statements_covered": 100.0, "percent_statements_cov
[...]
 [], "start_line": 329, "executed_branches": [[333, 334], [333, 336], [342, 343], [342, 344], [344, 345], [344, 346], [346, 347], [346, 348], [348, 349], [348, 350], [350, 351], [350, 353]], "missing_branches": []}, "color_palette": {"executed_lines": [380, 381, 383, 384, 385, 386, 387, 389, 390, 393, 394, 395, 396, 397, 398, 399, 400, 403, 404], "summary": {"covered_lines": 19, "num_statements": 20, "percent_covered": 92.3076923076923, "percent_covered_display": "92", "missing_lines": 1, "excluded_lines": 0, "percent_statements_covered": 95.0, "percent_statements_covered_display": "95", "num_branches": 6, "num_partial_branches": 1, "covered_branches": 5, "missing_branches": 1, "percent_branches_covered": 83.33333333333333, "percent_branches_covered_display": "83"}, "missing_lines": [391], "excluded_lines": [], "start_line": 363, "executed_branches": [[390, 393], [393, 394], [393, 403], [394, 393], [394, 395]], "missing_branches": [[390, 391]]}, "calculate_avg_color": {"executed_lines": [422, 424, 425, 426, 428, 436], "summary": {"covered_lines": 6, "num_statements": 7, "percent_covered": 84.61538461538461, "percent_covered_display": "85", "missing_lines": 1, "excluded_lines": 0, "percent_statements_covered": 85.71428571428571, "percent_statements_covered_display": "86", "num_branches": 6, "num_partial_branches": 1, "covered_branches": 5, "missing_branches": 1, "percent_branches_covered": 83.33333333333333, "percent_branches_covered_display": "83"}, "missing_lines": [434], "excluded_lines": [], "start_line": 408, "executed_branches": [[424, 425], [424, 436], [425, 426], [425, 436], [428, 425]], "missing_branches": [[428, 434]]}, "": {"executed_lines": [9, 11, 12, 14, 18, 170, 181, 198, 224, 237, 269, 289, 329, 363, 408], "summary": {"covered_lines": 15, "num_statements": 15, "percent_covered": 100.0, "percent_covered_display": "100", "missing_lines": 0, "excluded_lines": 0, "percent_statements_covered": 100.0, "percent_statements_covered_display": "100", "num_branches": 0, "num_partial_branches": 0, "covered_branches": 0, "missing_branches": 0, "percent_branches_covered": 100.0, "percent_branches_covered_display": "100"}, "missing_lines": [], "excluded_lines": [], "start_line": 1, "executed_branches": [], "missing_branches": []}}, "classes": {"": {"executed_lines": [9, 11, 12, 14, 18, 170, 176, 177, 181, 183, 184, 185, 186, 188, 189, 190, 191, 192, 193, 194, 198, 200, 201, 202, 203, 204, 205, 207, 208, 210, 211, 212, 213, 214, 215, 216, 217, 218, 220, 224, 226, 227, 228, 229, 237, 249, 250, 253, 256, 257, 259, 260, 261, 262, 263, 265, 269, 280, 281, 282, 283, 289, 291, 292, 293, 295, 296, 297, 299, 301, 302, 303, 305, 307, 308, 309, 311, 312, 313, 314, 316, 318, 320, 323, 329, 331, 333, 334, 336, 337, 338, 339, 340, 342, 343, 344, 345, 346, 347, 348, 349, 350, 351, 353, 355, 356, 357, 359, 363, 380, 381, 383, 384, 385, 386, 387, 389, 390, 393, 394, 395, 396, 397, 398, 399, 400, 403, 404, 408, 422, 424, 425, 426, 428, 436], "summary": {"covered_lines": 135, "num_statements": 139, "percent_covered": 96.01990049751244, "percent_covered_display": "96", "missing_lines": 4, "excluded_lines": 0, "percent_statements_covered": 97.12230215827338, "percent_statements_covered_display": "97", "num_branches": 62, "num_partial_branches": 4, "covered_branches": 58, "missing_branches": 4, "percent_branches_covered": 93.54838709677419, "percent_branches_covered_display": "94"}, "missing_lines": [319, 321, 391, 434], "excluded_lines": [], "start_line": 1, "executed_branches": [[183, 184], [183, 185], [185, 186], [185, 188], [188, 189], [188, 190], [190, 191], [190, 192], [192, 193], [192, 194], [207, 208], [207, 210], [211, 212], [211, 220], [212, 213], [212, 214], [214, 215], [214, 216], [216, 217], [216, 218], [249, 250], [249, 253], [256, 257], [256, 259], [261, 262], [261, 265], [281, 282], [281, 283], [301, 302], [301, 305], [311, 312], [311, 313], [313, 314], [313, 316], [318, 320], [320, 323], [333, 334], [333, 336], [342, 343], [342, 344], [344, 345], [344, 346], [346, 347], [346, 348], [348, 349], [348, 350], [350, 351], [350, 353], [390, 393], [393, 394], [393, 403], [394, 393], [394, 395], [424, 425], [424, 436], [425, 426], [425, 436], [428, 425]], "missing_branches": [[318, 319], [320, 321], [390, 391], [428, 434]]}}}, "ttrss/utils/feeds.py": {"executed_lines": [7, 10, 13, 16, 20, 23, 27, 30, 34, 37, 41, 44, 56, 57, 58, 59, 60, 61, 62, 63, 64, 65], "summary": {"covered_lines": 22, "num_statements": 22, "percent_covered": 100.0, "percent_covered_display": "100", "missing_lines": 0, "excluded_lines": 0, "percent_statements_covered": 100.0, "percent_statements_covered_display": "100", "num_branches": 8, "num_partial_branches": 0, "covered_branches": 8, "missing_branches": 0, "percent_branches_covered": 100.0, "percent_branches_covered_display": "100"}, "missing_lines": [], "excluded_lines": [], "executed_branches": [[56, 57], [56, 58], [59, 60], [59, 61], [61, 62], [61, 63], [63, 64], [63, 65]], "missing_branches": [], "functions": {"label_to_feed_id": {"executed_lines": [20], "summary": {"covered_lines": 1, "num_statements": 1, "percent_covered": 100.0, "percent_covered_display": "100", "missing_lines": 0, "excluded_lines": 0, "percent_statements_covered": 100.0, "percent_statements_covered_display": "100", "num_branches": 0, "num_partial_branches": 0, "covered_branches": 0, "missing_branches": 0, "percent_branches_covered": 100.0, "percent_branches_covered_display": "100"}, "missing_lines": [], "excluded_lines": [], "start_line": 16, "executed_branches": [], "missing_branches": []}, "feed_to_label_id": {"executed_lines": [27], "summary": {"covered_lines": 1, "num_statements": 1, "percent_covered": 100.0, "percent_covered_display": "100", "missing_lines": 0, "excluded_lines": 0, "percent_statements_covered": 100.0, "percent_statements_covered_display": "100", "num_branches": 0, "num_partial_branches": 0, "covered_branches": 0, "missing_branches": 0, "percent_branches_covered": 100.0, "percent_branches_covered_display": "100"}, "missing_lines": [], "excluded_lines": [], "start_line": 23, "executed_branches": [], "missing_branches": []}, "pfeed_to_feed_id": {"executed_lines": [34], "summary": {"covered_lines": 1, "num_statements": 1, "percent_covered": 100.0, "percent_covered_display": "100", "missing_lines": 0, "excluded_lines": 0, "percent_statements_covered": 100.0, "percent_statements_covered_display": "100", "num_branches": 0, "num_partial_branches": 0, "covered_branches": 0, "missing_branches": 0, "percent_branches_covered": 100.0, "percent_branches_covered_display": "100"}, "missing_lines": [], "excluded_lines": [], "start_line": 30, "executed_branches": [], "missing_branches": []}, "feed_to_pfeed_id": {"executed_lines": [41], "summary": {"covered_lines": 1, "num_statements": 1, "percent_covered": 100.0, "percent_covered_display": "100", "missing_lines": 0, "excluded_lines": 0, "percent_statements_covered": 100.0, "percent_statements_covered_display": "100", "num_branches": 0, "num_partial_branches": 0, "covered_branches": 0, "missing_branches": 0, "percent_branches_covered": 100.0, "percent_branches_covered_display": "100"}, "missing_lines": [], "excluded_lines": [], "start_line": 37, "executed_branches": [], "missing_branches": []}, "classify_feed_id": {"executed_lines": [56, 57, 58, 59, 60, 61, 62, 63, 64, 65], "summary": {"covered_lines": 10, "num_statements": 10, "percent_covered": 100.0, "percent_covered_display": "100", "missing_lines": 0, "excluded_lines": 0, "percent_statements_covered": 100.0, "percent_statements_covered_display": "100", "num_branches": 8, "num_partial_branches": 0, "covered_branches": 8, "missing_branches": 0, "percent_branches_covered": 100.0, "percent_branches_covered_display": "100"}, "missing_lines": [], "excluded_lines": [], "start_line": 44, "executed_branches": [[56, 57], [56, 58], [59, 60], [59, 61], [61, 62], [61, 63], [63, 64], [63, 65]], "missing_branches": []}, "": {"executed_lines": [7, 10, 13, 16, 23, 30, 37, 44], "summary": {"covered_lines": 8, "num_statements": 8, "percent_covered": 100.0, "percent_covered_display": "100", "missing_lines": 0, "excluded_lines": 0, "percent_statements_covered": 100.0, "percent_statements_covered_display": "100", "num_branches": 0, "num_partial_branches": 0, "covered_branches": 0, "missing_branches": 0, "percent_branches_covered": 100.0, "percent_branches_covered_display": "100"}, "missing_lines": [], "excluded_lines": [], "start_line": 1, "executed_branches": [], "missing_branches": []}}, "classes": {"": {"executed_lines": [7, 10, 13, 16, 20, 23, 27, 30, 34, 37, 41, 44, 56, 57, 58, 59, 60, 61, 62, 63, 64, 65], "summary": {"covered_lines": 22, "num_statements": 22, "percent_covered": 100.0, "percent_covered_display": "100", "missing_lines": 0, "excluded_lines": 0, "percent_statements_covered": 100.0, "percent_statements_covered_display": "100", "num_branches": 8, "num_partial_branches": 0, "covered_branches": 8, "missing_branches": 0, "percent_branches_covered": 100.0, "percent_branches_covered_display": "100"}, "missing_lines": [], "excluded_lines": [], "start_line": 1, "executed_branches": [[56, 57], [56, 58], [59, 60], [59, 61], [61, 62], [61, 63], [63, 64], [63, 65]], "missing_branches": []}}}, "ttrss/utils/mail.py": {"executed_lines": [11, 13, 14, 15, 16, 17, 19, 22, 38, 39, 42, 43, 45, 47, 48, 49, 50, 54, 59, 60, 63, 68, 69, 71, 72, 74, 75, 79, 80, 82, 85, 86, 88, 91, 93, 98, 102, 103, 107, 108, 110, 111, 113, 114, 116, 119, 125], "summary": {"covered_lines": 47, "num_statements": 52, "percent_covered": 88.23529411764706, "percent_covered_display": "88", "missing_lines": 5, "excluded_lines": 0, "percent_statements_covered": 90.38461538461539, "percent_statements_covered_display": "90", "num_branches": 16, "num_partial_branches": 3, "covered_branches": 13, "missing_branches": 3, "percent_branches_covered": 81.25, "percent_branches_covered_display": "81"}, "missing_lines": [51, 52, 56, 100, 105], "excluded_lines": [], "executed_branches": [[45, 47], [47, 48], [47, 54], [68, 69], [68, 74], [79, 80], [79, 82], [85, 86], [85, 88], [98, 102], [103, 107], [108, 110], [108, 111]], "missing_branches": [[45, 56], [98, 100], [103, 105]], "functions": {"send_mail": {"executed_lines": [38, 39, 42, 43, 45, 47, 48, 49, 50, 54, 59, 60, 63, 68, 69, 71, 72, 74, 75, 79, 80, 82, 85, 86, 88, 91, 93, 98, 102, 103, 107, 108, 110, 111, 113, 114, 116, 119, 125], "summary": {"covered_lines": 39, "num_statements": 44, "percent_covered": 86.66666666666667, "percent_covered_display": "87", "missing_lines": 5, "excluded_lines": 0, "percent_statements_covered": 88.63636363636364, "percent_statements_covered_display": "89", "num_branches": 16, "num_partial_branches": 3, "covered_branches": 13, "missing_branches": 3, "percent_branches_covered": 81.25, "percent_branches_covered_display": "81"}, "missing_lines": [51, 52, 56, 100, 105], "excluded_lines": [], "start_line": 22, "executed_branches": [[45, 47], [47, 48], [47, 54], [68, 69], [68, 74], [79, 80], [79, 82], [85, 86], [85, 88], [98, 102], [103, 107], [108, 110], [108, 111]], "missing_branches": [[45, 56], [98, 100], [103, 105]]}, "": {"executed_lines": [11, 13, 14, 15, 16, 17, 19, 22], "summary": {"covered_lines": 8, "num_statements": 8, "percent_covered": 100.0, "percent_covered_display": "100", "missing_lines": 0, "excluded_lines": 0, "percent_statements_covered": 100.0, "percent_statements_covered_display": "100", "num_branches": 0, "num_partial_branches": 0, "covered_branches": 0, "missing_branches": 0, "percent_branches_covered": 100.0, "percent_branches_covered_display": "100"}, "missing_lines": [], "excluded_lines": [], "start_line": 1, "executed_branches": [], "missing_branches": []}}, "classes": {"": {"executed_lines": [11, 13, 14, 15, 16, 17, 19, 22, 38, 39, 42, 43, 45, 47, 48, 49, 50, 54, 59, 60, 63, 68, 69, 71, 72, 74, 75, 79, 80, 82, 85, 86, 88, 91, 93, 98, 102, 103, 107, 108, 110, 111, 113, 114, 116, 119, 125], "summary": {"covered_lines": 47, "num_statements": 52, "percent_covered": 88.23529411764706, "percent_covered_display": "88", "missing_lines": 5, "excluded_lines": 0, "percent_statements_covered": 90.38461538461539, "percent_statements_covered_display": "90", "num_branches": 16, "num_partial_branches": 3, "covered_branches": 13, "missing_branches": 3, "percent_branches_covered": 81.25, "percent_branches_covered_display": "81"}, "missing_lines": [51, 52, 56, 100, 105], "excluded_lines": [], "start_line": 1, "executed_branches": [[45, 47], [47, 48], [47, 54], [68, 69], [68, 74], [79, 80], [79, 82], [85, 86], [85, 88], [98, 102], [103, 107], [108, 110], [108, 111]], "missing_branches": [[45, 56], [98, 100], [103, 105]]}}}, "ttrss/utils/misc.py": {"executed_lines": [10, 12, 13, 14, 16, 20, 21, 22, 25, 41, 43, 44, 45, 47, 48, 49, 50, 52, 55, 61, 62, 63, 66, 82, 83, 89, 90, 94, 98, 104, 105, 108, 121, 124, 125, 128, 129, 132, 135, 136, 137, 138, 141, 142, 143, 150, 151, 152, 153, 164, 166, 168, 171, 172, 174, 175, 180, 188, 191, 201, 202, 203, 204, 205, 212, 219, 220, 221, 222, 223, 224], "summary": {"covered_lines": 71, "num_statements": 79, "percent_covered": 86.86868686868686, "percent_covered_display": "87", "missing_lines": 8, "excluded_lines": 0, "percent_statements_covered": 89.87341772151899, "percent_statements_covered_display": "90", "num_branches": 20, "num_partial_branches": 5, "covered_branches": 15, "missing_branches": 5, "percent_branches_covered": 75.0, "percent_branches_covered_display": "75"}, "missing_lines": [96, 100, 101, 154, 155, 161, 225, 226], "excluded_lines": [], "executed_branches": [[82, 83], [94, 98], [98, 104], [124, 125], [128, 129], [128, 132], [143, 150], [166, 168], [166, 171], [171, 172], [171, 174], [202, -191], [202, 203], [219, 220], [219, 221]], "missing_branches": [[82, 89], [94, 96], [98, 100], [124, 128], [143, 161]], "functions": {"convert_timestamp": {"executed_lines": [41, 43, 44, 45, 47, 48, 49, 50, 52, 55, 61, 62, 63], "summary": {"covered_lines": 13, "num_statements": 13, "percent_covered": 100.0, "percent_covered_display": "100", "missing_lines": 0, "excluded_lines": 0, "percent_statements_covered": 100.0, "percent_statements_covered_display": "100", "num_branches": 0, "num_partial_branches": 0, "covered_branches": 0, "missing_branches": 0, "percent_branches_covered": 100.0, "percent_branches_covered_display": "100"}, "missing_lines": [], "excluded_lines": [], "start_line": 25, "executed_branches": [], "missing_branches": []}, "smart_date_time": {"executed_lines": [82, 83, 89, 90, 94, 98, 104, 105], "summary": {"covered_lines": 8, "num_statements": 11, "percent_covered": 64.70588235294117, "percent_covered_display": "65", "missing_lines": 3, "excluded_lines": 0, "percent_statements_covered": 72.72727272727273, "percent_statements_covered_display": "73", "num_branches": 6, "num_partial_branches": 3, "covered_branches": 3, "missing_branches": 3, "percent_branches_covered": 50.0, "percent_branches_covered_display": "50"}, "missing_lines": [96, 100, 101], "excluded_lines": [], "start_line": 66, "executed_branches": [[82, 83], [94, 98], [98, 104]], "missing_branches": [[82, 89], [94, 96], [98, 100]]}, "make_local_datetime": {"executed_lines": [121, 124, 125, 128, 129, 132, 135, 136, 137, 138, 141, 142, 143, 150, 151, 152, 153, 164, 166, 168, 171, 172, 174, 175], "summary": {"covered_lines": 24, "num_statements": 27, "percent_covered": 86.48648648648648, "percent_covered_display": "86", "missing_lines": 3, "excluded_lines": 0, "percent_statements_covered": 88.88888888888889, "percent_statements_covered_display": "89", "num_branches": 10, "num_partial_branches": 2, "covered_branches": 8, "missing_branches": 2, "percent_branches_covered": 80.0, "percent_branches_covered_display": "80"}, "missing_lines": [154, 155, 161], "excluded_lines": [], "start_line": 108, "executed_branches": [[124, 125], [128, 129], [128, 132], [143, 150], [166, 168], [166, 171], [171, 172], [171, 174]], "missing_branches": [[124, 128], [143, 161]]}, "get_random_bytes": {"executed_lines": [188], "summary": {"covered_lines": 1, "num_statements": 1, "percent_covered": 100.0, "percent_covered_display": "100", "missing_lines": 0, "excluded_lines": 0, "percent_statements_covered": 100.0, "percent_statements_covered_display": "100", "num_branches": 0, "num_partial_branches": 0, "covered_branches": 0, "missing_branches": 0, "percent_branches_covered": 100.0, "percent_branches_covered_display": "100"}, "missing_lines": [], "excluded_lines": [], "start_line": 180, "executed_branches": [], "missing_branches": []}, "save_email_address": {"executed_lines": [201, 202, 203, 204, 205], "summary": {"covered_lines": 5, "num_statements": 5, "percent_covered": 100.0, "percent_covered_display": "100", "missing_lines": 0, "excluded_lines": 0, "percent_statements_covered": 100.0, "percent_statements_covered_display": "100", "num_branches": 2, "num_partial_branches": 0, "covered_branches": 2, "missing_branches": 0, "percent_branches_covered": 100.0, "percent_branches_covered_display": "100"}, "missing_lines": [], "excluded_lines": [], "start_line": 191, "executed_branches": [[202, -191], [202, 203]], "missing_branches": []}, "_pref": {"executed_lines": [219, 220, 221, 222, 223, 224], "summary": {"covered_lines": 6, "num_statements": 8, "percent_covered": 80.0, "percent_covered_display": "80", "missing_lines": 2, "excluded_lines": 0, "percent_statements_covered": 75.0, "percent_statements_covered_display": "75", "num_branches": 2, "num_partial_branches": 0, "covered_branches": 2, "missing_branches": 0, "percent_branches_covered": 100.0, "percent_branches_covered_display": "100"}, "missing_lines": [225, 226], "excluded_lines": [], "start_line": 212, "executed_branches": [[219, 220], [219, 221]], "missing_branches": []}, "": {"executed_lines": [10, 12, 13, 14, 16, 20, 21, 22, 25, 66, 108, 180, 191, 212], "summary": {"covered_lines": 14, "num_statements": 14, "percent_covered": 100.0, "percent_covered_display": "100", "missing_lines": 0, "excluded_lines": 0, "percent_statements_covered": 100.0, "percent_statements_covered_display": "100", "num_branches": 0, "num_partial_branches": 0, "covered_branches": 0, "missing_branches": 0, "percent_branches_covered": 100.0, "percent_branches_covered_display": "100"}, "missing_lines": [], "excluded_lines": [], "start_line": 1, "executed_branches": [], "missing_branches": []}}, "classes": {"": {"executed_lines": [10, 12, 13, 14, 16, 20, 21, 22, 25, 41, 43, 44, 45, 47, 48, 49, 50, 52, 55, 61, 62, 63, 66, 82, 83, 89, 90, 94, 98, 104, 105, 108, 121, 124, 125, 128, 129, 132, 135, 136, 137, 138, 141, 142, 143, 150, 151, 152, 153, 164, 166, 168, 171, 172, 174, 175, 180, 188, 191, 201, 202, 203, 204, 205, 212, 219, 220, 221, 222, 223, 224], "summary": {"covered_lines": 71, "num_statements": 79, "percent_covered": 86.86868686868686, "percent_covered_display": "87", "missing_lines": 8, "excluded_lines": 0, "percent_statements_covered": 89.87341772151899, "percent_statements_covered_display": "90", "num_branches": 20, "num_partial_branches": 5, "covered_branches": 15, "missing_branches": 5, "percent_branches_covered": 75.0, "percent_branches_covered_display": "75"}, "missing_lines": [96, 100, 101, 154, 155, 161, 225, 226], "excluded_lines": [], "start_line": 1, "executed_branches": [[82, 83], [94, 98], [98, 104], [124, 125], [128, 129], [128, 132], [143, 150], [166, 168], [166, 171], [171, 172], [171, 174], [202, -191], [202, 203], [219, 220], [219, 221]], "missing_branches": [[82, 89], [94, 96], [98, 100], [124, 128], [143, 161]]}}}}, "totals": {"covered_lines": 4743, "num_statements": 6364, "percent_covered": 72.70737046947215, "percent_covered_display": "73", "missing_lines": 1621, "excluded_lines": 0, "percent_statements_covered": 74.52859836580767, "percent_statements_covered_display": "75", "num_branches": 1858, "num_partial_branches": 175, "covered_branches": 1235, "missing_branches": 623, "percent_branches_covered": 66.46932185145317, "percent_branches_covered_display": "66"}}